24-12-31 23:02:03.956 [http-nio-8080-exec-4] INFO  o.a.c.c.C.[Tomcat].[localhost].[/] - Initializing Spring DispatcherServlet 'dispatcherServlet'
24-12-31 23:02:03.964 [http-nio-8080-exec-4] INFO  o.s.web.servlet.DispatcherServlet - Initializing Servlet 'dispatcherServlet'
24-12-31 23:02:03.965 [http-nio-8080-exec-4] DEBUG o.s.web.servlet.DispatcherServlet - Detected StandardServletMultipartResolver
24-12-31 23:02:03.965 [http-nio-8080-exec-4] DEBUG o.s.web.servlet.DispatcherServlet - Detected AcceptHeaderLocaleResolver
24-12-31 23:02:03.965 [http-nio-8080-exec-4] DEBUG o.s.web.servlet.DispatcherServlet - Detected FixedThemeResolver
24-12-31 23:02:03.967 [http-nio-8080-exec-4] DEBUG o.s.web.servlet.DispatcherServlet - Detected org.springframework.web.servlet.view.DefaultRequestToViewNameTranslator@4cb773c5
24-12-31 23:02:03.969 [http-nio-8080-exec-4] DEBUG o.s.web.servlet.DispatcherServlet - Detected org.springframework.web.servlet.support.SessionFlashMapManager@5e2718b3
24-12-31 23:02:03.969 [http-nio-8080-exec-4] DEBUG o.s.web.servlet.DispatcherServlet - enableLoggingRequestDetails='false': request parameters and headers will be masked to prevent unsafe logging of potentially sensitive data
24-12-31 23:02:03.970 [http-nio-8080-exec-4] INFO  o.s.web.servlet.DispatcherServlet - Completed initialization in 5 ms
24-12-31 23:02:04.004 [http-nio-8080-exec-4] DEBUG o.s.security.web.FilterChainProxy - Securing GET /user
24-12-31 23:02:04.205 [http-nio-8080-exec-4] DEBUG o.s.d.m.r.query.MongoQueryCreator - Created query Query: { "userName" : "Saurabh"}, Fields: {}, Sort: {}
24-12-31 23:02:04.214 [http-nio-8080-exec-4] DEBUG o.s.data.mongodb.core.MongoTemplate - find using query: { "userName" : "Saurabh"} fields: Document{{}} sort: { "userName" : "Saurabh"} for class: class com.journalapp.journalApp.entity.User in collection: users
24-12-31 23:02:04.217 [http-nio-8080-exec-4] DEBUG org.mongodb.driver.cluster - Server selection started for operation with ID 12. Selector: ReadPreferenceServerSelector{readPreference=primary}, topology description: {type=REPLICA_SET, servers=[{address=journalcluster-shard-00-01.hpqn1.mongodb.net:27017, type=REPLICA_SET_SECONDARY, TagSet{[Tag{name='availabilityZone', value='aps1-az3'}, Tag{name='diskState', value='READY'}, Tag{name='nodeType', value='ELECTABLE'}, Tag{name='provider', value='AWS'}, Tag{name='region', value='AP_SOUTH_1'}, Tag{name='workloadType', value='OPERATIONAL'}]}, roundTripTime=433.9 ms, state=CONNECTED}, {address=journalcluster-shard-00-00.hpqn1.mongodb.net:27017, type=REPLICA_SET_SECONDARY, TagSet{[Tag{name='availabilityZone', value='aps1-az1'}, Tag{name='diskState', value='READY'}, Tag{name='nodeType', value='ELECTABLE'}, Tag{name='provider', value='AWS'}, Tag{name='region', value='AP_SOUTH_1'}, Tag{name='workloadType', value='OPERATIONAL'}]}, roundTripTime=433.8 ms, state=CONNECTED}, {address=journalcluster-shard-00-02.hpqn1.mongodb.net:27017, type=REPLICA_SET_PRIMARY, TagSet{[Tag{name='availabilityZone', value='aps1-az2'}, Tag{name='diskState', value='READY'}, Tag{name='nodeType', value='ELECTABLE'}, Tag{name='provider', value='AWS'}, Tag{name='region', value='AP_SOUTH_1'}, Tag{name='workloadType', value='OPERATIONAL'}]}, roundTripTime=434.0 ms, state=CONNECTED}]
24-12-31 23:02:04.217 [http-nio-8080-exec-4] DEBUG org.mongodb.driver.cluster - Server selection succeeded for operation with ID 12. Selected server: journalcluster-shard-00-02.hpqn1.mongodb.net:27017. Selector: ReadPreferenceServerSelector{readPreference=primary}, topology description: {type=REPLICA_SET, servers=[{address=journalcluster-shard-00-01.hpqn1.mongodb.net:27017, type=REPLICA_SET_SECONDARY, TagSet{[Tag{name='availabilityZone', value='aps1-az3'}, Tag{name='diskState', value='READY'}, Tag{name='nodeType', value='ELECTABLE'}, Tag{name='provider', value='AWS'}, Tag{name='region', value='AP_SOUTH_1'}, Tag{name='workloadType', value='OPERATIONAL'}]}, roundTripTime=433.9 ms, state=CONNECTED}, {address=journalcluster-shard-00-00.hpqn1.mongodb.net:27017, type=REPLICA_SET_SECONDARY, TagSet{[Tag{name='availabilityZone', value='aps1-az1'}, Tag{name='diskState', value='READY'}, Tag{name='nodeType', value='ELECTABLE'}, Tag{name='provider', value='AWS'}, Tag{name='region', value='AP_SOUTH_1'}, Tag{name='workloadType', value='OPERATIONAL'}]}, roundTripTime=433.8 ms, state=CONNECTED}, {address=journalcluster-shard-00-02.hpqn1.mongodb.net:27017, type=REPLICA_SET_PRIMARY, TagSet{[Tag{name='availabilityZone', value='aps1-az2'}, Tag{name='diskState', value='READY'}, Tag{name='nodeType', value='ELECTABLE'}, Tag{name='provider', value='AWS'}, Tag{name='region', value='AP_SOUTH_1'}, Tag{name='workloadType', value='OPERATIONAL'}]}, roundTripTime=434.0 ms, state=CONNECTED}]
24-12-31 23:02:04.217 [http-nio-8080-exec-4] DEBUG org.mongodb.driver.connection - Checkout started for connection to journalcluster-shard-00-02.hpqn1.mongodb.net:27017
24-12-31 23:02:04.218 [http-nio-8080-exec-4] DEBUG org.mongodb.driver.connection - Connection checked out: address=journalcluster-shard-00-02.hpqn1.mongodb.net:27017, driver-generated ID=7, duration=0 ms
24-12-31 23:02:04.221 [http-nio-8080-exec-4] DEBUG org.mongodb.driver.protocol.command - Command "find" started on database "journaldb" using a connection with driver-generated ID 7 and server-generated ID 29532 to journalcluster-shard-00-02.hpqn1.mongodb.net:27017. The request ID is 15 and the operation ID is 12. Command: {"find": "users", "filter": {"userName": "Saurabh"}, "limit": 2, "$db": "journaldb", "$clusterTime": {"clusterTime": {"$timestamp": {"t": 1735666314, "i": 5}}, "signature": {"hash": {"$binary": {"base64": "+GC/LkxS+HSvaGFt3OObzLpUWhw=", "subType": "00"}}, "keyId": 7418423549813063690}}, "lsid": {"id": {"$binary": {"base64": "NjgiY7OeT7WNHCXHh+foUA==", "subType": "04"}}}}
24-12-31 23:02:04.240 [http-nio-8080-exec-4] DEBUG org.mongodb.driver.protocol.command - Command "find" succeeded on database "journaldb" in 17.1067 ms using a connection with driver-generated ID 7 and server-generated ID 29532 to journalcluster-shard-00-02.hpqn1.mongodb.net:27017. The request ID is 15 and the operation ID is 12. Command reply: {"cursor": {"firstBatch": [{"_id": {"$oid": "67711ccdda220d799c260015"}, "userName": "Saurabh", "email": "saurabhshinde31899@gmail.com", "sentimentAnalysis": true, "password": "$2a$10$/hh8mIVtdZhkjUfrymXoa.oh6rI2CQImV1nabmZRD/899cShW6BxS", "journalEntries": [{"$ref": "journal_entries", "$id": {"$oid": "67711e5bda220d799c260019"}}, {"$ref": "journal_entries", "$id": {"$oid": "67711e8eda220d799c26001a"}}, {"$ref": "journal_entries", "$id": {"$oid": "67711e9cda220d799c26001b"}}, {"$ref": "journal_entries", "$id": {"$oid": "67711eb8da220d799c26001c"}}], "roles": ["USER", "ADMIN"], "_class": "com.journalapp.journalApp.entity.User"}], "id": 0, "ns": "journaldb.users"}, "ok": 1.0, "$clusterTime": {"clusterTime": {"$timestamp": {"t": 1735666323, "i": 5}}, "signature": {"hash": {"$binary": {"base64": "vJeb6KUCzdUQUOJIPzJDfpt/G9s=", "subType": "00"}}, "keyId": 7418423549813063690}}, "operationTime": {"$timestamp": {"t": 1735666323, "i": 5}}}
24-12-31 23:02:04.241 [http-nio-8080-exec-4] DEBUG org.mongodb.driver.operation - Received batch of 1 documents with cursorId 0 from server journalcluster-shard-00-02.hpqn1.mongodb.net:27017
24-12-31 23:02:04.241 [http-nio-8080-exec-4] DEBUG org.mongodb.driver.connection - Connection checked in: address=journalcluster-shard-00-02.hpqn1.mongodb.net:27017, driver-generated ID=7
24-12-31 23:02:04.262 [http-nio-8080-exec-4] DEBUG org.mongodb.driver.cluster - Server selection started for operation with ID 13. Selector: ReadPreferenceServerSelector{readPreference=primary}, topology description: {type=REPLICA_SET, servers=[{address=journalcluster-shard-00-01.hpqn1.mongodb.net:27017, type=REPLICA_SET_SECONDARY, TagSet{[Tag{name='availabilityZone', value='aps1-az3'}, Tag{name='diskState', value='READY'}, Tag{name='nodeType', value='ELECTABLE'}, Tag{name='provider', value='AWS'}, Tag{name='region', value='AP_SOUTH_1'}, Tag{name='workloadType', value='OPERATIONAL'}]}, roundTripTime=433.9 ms, state=CONNECTED}, {address=journalcluster-shard-00-00.hpqn1.mongodb.net:27017, type=REPLICA_SET_SECONDARY, TagSet{[Tag{name='availabilityZone', value='aps1-az1'}, Tag{name='diskState', value='READY'}, Tag{name='nodeType', value='ELECTABLE'}, Tag{name='provider', value='AWS'}, Tag{name='region', value='AP_SOUTH_1'}, Tag{name='workloadType', value='OPERATIONAL'}]}, roundTripTime=433.8 ms, state=CONNECTED}, {address=journalcluster-shard-00-02.hpqn1.mongodb.net:27017, type=REPLICA_SET_PRIMARY, TagSet{[Tag{name='availabilityZone', value='aps1-az2'}, Tag{name='diskState', value='READY'}, Tag{name='nodeType', value='ELECTABLE'}, Tag{name='provider', value='AWS'}, Tag{name='region', value='AP_SOUTH_1'}, Tag{name='workloadType', value='OPERATIONAL'}]}, roundTripTime=434.0 ms, state=CONNECTED}]
24-12-31 23:02:04.262 [http-nio-8080-exec-4] DEBUG org.mongodb.driver.cluster - Server selection succeeded for operation with ID 13. Selected server: journalcluster-shard-00-02.hpqn1.mongodb.net:27017. Selector: ReadPreferenceServerSelector{readPreference=primary}, topology description: {type=REPLICA_SET, servers=[{address=journalcluster-shard-00-01.hpqn1.mongodb.net:27017, type=REPLICA_SET_SECONDARY, TagSet{[Tag{name='availabilityZone', value='aps1-az3'}, Tag{name='diskState', value='READY'}, Tag{name='nodeType', value='ELECTABLE'}, Tag{name='provider', value='AWS'}, Tag{name='region', value='AP_SOUTH_1'}, Tag{name='workloadType', value='OPERATIONAL'}]}, roundTripTime=433.9 ms, state=CONNECTED}, {address=journalcluster-shard-00-00.hpqn1.mongodb.net:27017, type=REPLICA_SET_SECONDARY, TagSet{[Tag{name='availabilityZone', value='aps1-az1'}, Tag{name='diskState', value='READY'}, Tag{name='nodeType', value='ELECTABLE'}, Tag{name='provider', value='AWS'}, Tag{name='region', value='AP_SOUTH_1'}, Tag{name='workloadType', value='OPERATIONAL'}]}, roundTripTime=433.8 ms, state=CONNECTED}, {address=journalcluster-shard-00-02.hpqn1.mongodb.net:27017, type=REPLICA_SET_PRIMARY, TagSet{[Tag{name='availabilityZone', value='aps1-az2'}, Tag{name='diskState', value='READY'}, Tag{name='nodeType', value='ELECTABLE'}, Tag{name='provider', value='AWS'}, Tag{name='region', value='AP_SOUTH_1'}, Tag{name='workloadType', value='OPERATIONAL'}]}, roundTripTime=434.0 ms, state=CONNECTED}]
24-12-31 23:02:04.262 [http-nio-8080-exec-4] DEBUG org.mongodb.driver.connection - Checkout started for connection to journalcluster-shard-00-02.hpqn1.mongodb.net:27017
24-12-31 23:02:04.264 [http-nio-8080-exec-4] DEBUG org.mongodb.driver.connection - Connection checked out: address=journalcluster-shard-00-02.hpqn1.mongodb.net:27017, driver-generated ID=7, duration=0 ms
24-12-31 23:02:04.266 [http-nio-8080-exec-4] DEBUG org.mongodb.driver.protocol.command - Command "find" started on database "journaldb" using a connection with driver-generated ID 7 and server-generated ID 29532 to journalcluster-shard-00-02.hpqn1.mongodb.net:27017. The request ID is 16 and the operation ID is 13. Command: {"find": "journal_entries", "filter": {"_id": {"$in": [{"$oid": "67711e5bda220d799c260019"}, {"$oid": "67711e8eda220d799c26001a"}, {"$oid": "67711e9cda220d799c26001b"}, {"$oid": "67711eb8da220d799c26001c"}]}}, "$db": "journaldb", "$clusterTime": {"clusterTime": {"$timestamp": {"t": 1735666323, "i": 5}}, "signature": {"hash": {"$binary": {"base64": "vJeb6KUCzdUQUOJIPzJDfpt/G9s=", "subType": "00"}}, "keyId": 7418423549813063690}}, "lsid": {"id": {"$binary": {"base64": "NjgiY7OeT7WNHCXHh+foUA==", "subType": "04"}}}}
24-12-31 23:02:04.278 [http-nio-8080-exec-4] DEBUG org.mongodb.driver.protocol.command - Command "find" succeeded on database "journaldb" in 10.8061 ms using a connection with driver-generated ID 7 and server-generated ID 29532 to journalcluster-shard-00-02.hpqn1.mongodb.net:27017. The request ID is 16 and the operation ID is 13. Command reply: {"cursor": {"firstBatch": [{"_id": {"$oid": "67711e5bda220d799c260019"}, "title": "Day Review", "content": "Today Day was good!!", "localDateTime": {"$date": "2024-12-29T10:03:07.758Z"}, "sentiment": "HAPPY", "_class": "com.journalapp.journalApp.entity.JournalEntry"}, {"_id": {"$oid": "67711e8eda220d799c26001a"}, "title": "Day Review", "content": "Today Day was not good!!", "localDateTime": {"$date": "2024-12-29T10:03:58.296Z"}, "sentiment": "SAD", "_class": "com.journalapp.journalApp.entity.JournalEntry"}, {"_id": {"$oid": "67711e9cda220d799c26001b"}, "title": "Day Review", "content": "Today Day was good!!", "localDateTime": {"$date": "2024-12-29T10:04:12.46Z"}, "sentiment": "HAPPY", "_class": "com.journalapp.journalApp.entity.JournalEntry"}, {"_id": {"$oid": "67711eb8da220d799c26001c"}, "title": "Day Review", "content": "Today Day was netural!!", "localDateTime": {"$date": "2024-12-29T10:04:40.942Z"}, "_class": "com.journalapp.journalApp.entity.JournalEntry"}], "id": 0, "ns": "journa ...
24-12-31 23:02:04.278 [http-nio-8080-exec-4] DEBUG org.mongodb.driver.operation - Received batch of 4 documents with cursorId 0 from server journalcluster-shard-00-02.hpqn1.mongodb.net:27017
24-12-31 23:02:04.278 [http-nio-8080-exec-4] DEBUG org.mongodb.driver.connection - Connection checked in: address=journalcluster-shard-00-02.hpqn1.mongodb.net:27017, driver-generated ID=7
24-12-31 23:02:04.404 [http-nio-8080-exec-4] DEBUG o.s.s.a.d.DaoAuthenticationProvider - Authenticated user
24-12-31 23:02:04.407 [http-nio-8080-exec-4] DEBUG o.s.s.w.a.w.BasicAuthenticationFilter - Set SecurityContextHolder to UsernamePasswordAuthenticationToken [Principal=org.springframework.security.core.userdetails.User [Username=Saurabh, Password=[PROTECTED], Enabled=true, AccountNonExpired=true, CredentialsNonExpired=true, AccountNonLocked=true, Granted Authorities=[ROLE_ADMIN, ROLE_USER]], Credentials=[PROTECTED], Authenticated=true, Details=WebAuthenticationDetails [RemoteIpAddress=0:0:0:0:0:0:0:1, SessionId=null], Granted Authorities=[ROLE_ADMIN, ROLE_USER]]
24-12-31 23:02:04.411 [http-nio-8080-exec-4] DEBUG o.s.security.web.FilterChainProxy - Secured GET /user
24-12-31 23:02:04.413 [http-nio-8080-exec-4] DEBUG o.s.web.servlet.DispatcherServlet - GET "/user", parameters={}
24-12-31 23:02:04.415 [http-nio-8080-exec-4] DEBUG o.s.w.s.m.m.a.RequestMappingHandlerMapping - Mapped to com.journalapp.journalApp.controller.UserController#greeting()
24-12-31 23:02:04.438 [http-nio-8080-exec-4] DEBUG o.s.d.r.core.RedisConnectionUtils - Fetching Redis Connection from RedisConnectionFactory
24-12-31 23:02:04.441 [http-nio-8080-exec-4] DEBUG io.lettuce.core.RedisClient - Trying to get a Redis connection for: redis://localhost
24-12-31 23:02:04.708 [http-nio-8080-exec-4] DEBUG i.n.buffer.PooledByteBufAllocator - -Dio.netty.allocator.numHeapArenas: 16
24-12-31 23:02:04.708 [http-nio-8080-exec-4] DEBUG i.n.buffer.PooledByteBufAllocator - -Dio.netty.allocator.numDirectArenas: 16
24-12-31 23:02:04.708 [http-nio-8080-exec-4] DEBUG i.n.buffer.PooledByteBufAllocator - -Dio.netty.allocator.pageSize: 8192
24-12-31 23:02:04.708 [http-nio-8080-exec-4] DEBUG i.n.buffer.PooledByteBufAllocator - -Dio.netty.allocator.maxOrder: 9
24-12-31 23:02:04.708 [http-nio-8080-exec-4] DEBUG i.n.buffer.PooledByteBufAllocator - -Dio.netty.allocator.chunkSize: 4194304
24-12-31 23:02:04.708 [http-nio-8080-exec-4] DEBUG i.n.buffer.PooledByteBufAllocator - -Dio.netty.allocator.smallCacheSize: 256
24-12-31 23:02:04.708 [http-nio-8080-exec-4] DEBUG i.n.buffer.PooledByteBufAllocator - -Dio.netty.allocator.normalCacheSize: 64
24-12-31 23:02:04.709 [http-nio-8080-exec-4] DEBUG i.n.buffer.PooledByteBufAllocator - -Dio.netty.allocator.maxCachedBufferCapacity: 32768
24-12-31 23:02:04.709 [http-nio-8080-exec-4] DEBUG i.n.buffer.PooledByteBufAllocator - -Dio.netty.allocator.cacheTrimInterval: 8192
24-12-31 23:02:04.709 [http-nio-8080-exec-4] DEBUG i.n.buffer.PooledByteBufAllocator - -Dio.netty.allocator.cacheTrimIntervalMillis: 0
24-12-31 23:02:04.709 [http-nio-8080-exec-4] DEBUG i.n.buffer.PooledByteBufAllocator - -Dio.netty.allocator.useCacheForAllThreads: false
24-12-31 23:02:04.709 [http-nio-8080-exec-4] DEBUG i.n.buffer.PooledByteBufAllocator - -Dio.netty.allocator.maxCachedByteBuffersPerChunk: 1023
24-12-31 23:02:04.709 [http-nio-8080-exec-4] DEBUG i.n.buffer.PooledByteBufAllocator - -Dio.netty.allocator.disableCacheFinalizersForFastThreadLocalThreads: false
24-12-31 23:02:04.727 [http-nio-8080-exec-4] DEBUG io.netty.buffer.ByteBufUtil - -Dio.netty.allocator.type: pooled
24-12-31 23:02:04.727 [http-nio-8080-exec-4] DEBUG io.netty.buffer.ByteBufUtil - -Dio.netty.threadLocalDirectBufferSize: 0
24-12-31 23:02:04.727 [http-nio-8080-exec-4] DEBUG io.netty.buffer.ByteBufUtil - -Dio.netty.maxThreadLocalCharBufferSize: 16384
24-12-31 23:02:04.731 [http-nio-8080-exec-4] DEBUG i.l.core.resource.KqueueProvider - Starting without optional kqueue library
24-12-31 23:02:04.735 [http-nio-8080-exec-4] DEBUG i.l.core.resource.IOUringProvider - Starting without optional io_uring library
24-12-31 23:02:04.738 [http-nio-8080-exec-4] DEBUG i.l.core.resource.EpollProvider - Starting without optional epoll library
24-12-31 23:02:04.745 [http-nio-8080-exec-4] DEBUG i.l.c.r.DefaultEventLoopGroupProvider - Allocating executor io.netty.channel.nio.NioEventLoopGroup
24-12-31 23:02:04.745 [http-nio-8080-exec-4] DEBUG i.l.c.r.DefaultEventLoopGroupProvider - Creating executor io.netty.channel.nio.NioEventLoopGroup
24-12-31 23:02:04.746 [http-nio-8080-exec-4] DEBUG i.n.c.MultithreadEventLoopGroup - -Dio.netty.eventLoopThreads: 16
24-12-31 23:02:04.753 [http-nio-8080-exec-4] DEBUG io.netty.channel.nio.NioEventLoop - -Dio.netty.noKeySetOptimization: false
24-12-31 23:02:04.754 [http-nio-8080-exec-4] DEBUG io.netty.channel.nio.NioEventLoop - -Dio.netty.selectorAutoRebuildThreshold: 512
24-12-31 23:02:04.828 [http-nio-8080-exec-4] DEBUG i.l.c.r.DefaultEventLoopGroupProvider - Adding reference to io.netty.channel.nio.NioEventLoopGroup@2ab0e6bd, existing ref count 0
24-12-31 23:02:04.891 [cluster-ClusterId{value='67742a89ce30de6ad75fa98a', description='JournalCluster'}-journalcluster-shard-00-00.hpqn1.mongodb.net:27017] DEBUG org.mongodb.driver.cluster - Updating cluster description to  {type=REPLICA_SET, servers=[{address=journalcluster-shard-00-01.hpqn1.mongodb.net:27017, type=REPLICA_SET_SECONDARY, TagSet{[Tag{name='availabilityZone', value='aps1-az3'}, Tag{name='diskState', value='READY'}, Tag{name='nodeType', value='ELECTABLE'}, Tag{name='provider', value='AWS'}, Tag{name='region', value='AP_SOUTH_1'}, Tag{name='workloadType', value='OPERATIONAL'}]}, roundTripTime=433.9 ms, state=CONNECTED}, {address=journalcluster-shard-00-00.hpqn1.mongodb.net:27017, type=REPLICA_SET_SECONDARY, TagSet{[Tag{name='availabilityZone', value='aps1-az1'}, Tag{name='diskState', value='READY'}, Tag{name='nodeType', value='ELECTABLE'}, Tag{name='provider', value='AWS'}, Tag{name='region', value='AP_SOUTH_1'}, Tag{name='workloadType', value='OPERATIONAL'}]}, roundTripTime=349.1 ms, state=CONNECTED}, {address=journalcluster-shard-00-02.hpqn1.mongodb.net:27017, type=REPLICA_SET_PRIMARY, TagSet{[Tag{name='availabilityZone', value='aps1-az2'}, Tag{name='diskState', value='READY'}, Tag{name='nodeType', value='ELECTABLE'}, Tag{name='provider', value='AWS'}, Tag{name='region', value='AP_SOUTH_1'}, Tag{name='workloadType', value='OPERATIONAL'}]}, roundTripTime=434.0 ms, state=CONNECTED}]
24-12-31 23:02:04.892 [cluster-ClusterId{value='67742a89ce30de6ad75fa98a', description='JournalCluster'}-journalcluster-shard-00-00.hpqn1.mongodb.net:27017] DEBUG org.mongodb.driver.cluster - Checking status of journalcluster-shard-00-00.hpqn1.mongodb.net:27017
24-12-31 23:02:04.893 [cluster-ClusterId{value='67742a89ce30de6ad75fa98a', description='JournalCluster'}-journalcluster-shard-00-01.hpqn1.mongodb.net:27017] DEBUG org.mongodb.driver.cluster - Updating cluster description to  {type=REPLICA_SET, servers=[{address=journalcluster-shard-00-01.hpqn1.mongodb.net:27017, type=REPLICA_SET_SECONDARY, TagSet{[Tag{name='availabilityZone', value='aps1-az3'}, Tag{name='diskState', value='READY'}, Tag{name='nodeType', value='ELECTABLE'}, Tag{name='provider', value='AWS'}, Tag{name='region', value='AP_SOUTH_1'}, Tag{name='workloadType', value='OPERATIONAL'}]}, roundTripTime=349.1 ms, state=CONNECTED}, {address=journalcluster-shard-00-00.hpqn1.mongodb.net:27017, type=REPLICA_SET_SECONDARY, TagSet{[Tag{name='availabilityZone', value='aps1-az1'}, Tag{name='diskState', value='READY'}, Tag{name='nodeType', value='ELECTABLE'}, Tag{name='provider', value='AWS'}, Tag{name='region', value='AP_SOUTH_1'}, Tag{name='workloadType', value='OPERATIONAL'}]}, roundTripTime=349.1 ms, state=CONNECTED}, {address=journalcluster-shard-00-02.hpqn1.mongodb.net:27017, type=REPLICA_SET_PRIMARY, TagSet{[Tag{name='availabilityZone', value='aps1-az2'}, Tag{name='diskState', value='READY'}, Tag{name='nodeType', value='ELECTABLE'}, Tag{name='provider', value='AWS'}, Tag{name='region', value='AP_SOUTH_1'}, Tag{name='workloadType', value='OPERATIONAL'}]}, roundTripTime=434.0 ms, state=CONNECTED}]
24-12-31 23:02:04.893 [cluster-ClusterId{value='67742a89ce30de6ad75fa98a', description='JournalCluster'}-journalcluster-shard-00-01.hpqn1.mongodb.net:27017] DEBUG org.mongodb.driver.cluster - Checking status of journalcluster-shard-00-01.hpqn1.mongodb.net:27017
24-12-31 23:02:04.896 [cluster-ClusterId{value='67742a89ce30de6ad75fa98a', description='JournalCluster'}-journalcluster-shard-00-02.hpqn1.mongodb.net:27017] DEBUG org.mongodb.driver.cluster - Updating cluster description to  {type=REPLICA_SET, servers=[{address=journalcluster-shard-00-01.hpqn1.mongodb.net:27017, type=REPLICA_SET_SECONDARY, TagSet{[Tag{name='availabilityZone', value='aps1-az3'}, Tag{name='diskState', value='READY'}, Tag{name='nodeType', value='ELECTABLE'}, Tag{name='provider', value='AWS'}, Tag{name='region', value='AP_SOUTH_1'}, Tag{name='workloadType', value='OPERATIONAL'}]}, roundTripTime=349.1 ms, state=CONNECTED}, {address=journalcluster-shard-00-00.hpqn1.mongodb.net:27017, type=REPLICA_SET_SECONDARY, TagSet{[Tag{name='availabilityZone', value='aps1-az1'}, Tag{name='diskState', value='READY'}, Tag{name='nodeType', value='ELECTABLE'}, Tag{name='provider', value='AWS'}, Tag{name='region', value='AP_SOUTH_1'}, Tag{name='workloadType', value='OPERATIONAL'}]}, roundTripTime=349.1 ms, state=CONNECTED}, {address=journalcluster-shard-00-02.hpqn1.mongodb.net:27017, type=REPLICA_SET_PRIMARY, TagSet{[Tag{name='availabilityZone', value='aps1-az2'}, Tag{name='diskState', value='READY'}, Tag{name='nodeType', value='ELECTABLE'}, Tag{name='provider', value='AWS'}, Tag{name='region', value='AP_SOUTH_1'}, Tag{name='workloadType', value='OPERATIONAL'}]}, roundTripTime=349.3 ms, state=CONNECTED}]
24-12-31 23:02:04.896 [cluster-ClusterId{value='67742a89ce30de6ad75fa98a', description='JournalCluster'}-journalcluster-shard-00-02.hpqn1.mongodb.net:27017] DEBUG org.mongodb.driver.cluster - Checking status of journalcluster-shard-00-02.hpqn1.mongodb.net:27017
24-12-31 23:02:04.990 [http-nio-8080-exec-4] DEBUG io.lettuce.core.RedisClient - Resolved SocketAddress localhost/<unresolved>:6379 using redis://localhost
24-12-31 23:02:04.992 [http-nio-8080-exec-4] DEBUG io.lettuce.core.AbstractRedisClient - Connecting to Redis at localhost/<unresolved>:6379
24-12-31 23:02:05.000 [http-nio-8080-exec-4] DEBUG io.netty.channel.DefaultChannelId - -Dio.netty.processId: 24352 (auto-detected)
24-12-31 23:02:05.005 [http-nio-8080-exec-4] DEBUG io.netty.util.NetUtil - -Djava.net.preferIPv4Stack: false
24-12-31 23:02:05.005 [http-nio-8080-exec-4] DEBUG io.netty.util.NetUtil - -Djava.net.preferIPv6Addresses: false
24-12-31 23:02:05.030 [http-nio-8080-exec-4] DEBUG i.netty.util.NetUtilInitializations - Loopback interface: lo (Software Loopback Interface 1, 127.0.0.1)
24-12-31 23:02:05.031 [http-nio-8080-exec-4] DEBUG io.netty.util.NetUtil - Failed to get SOMAXCONN from sysctl and file \proc\sys\net\core\somaxconn. Default: 200
24-12-31 23:02:05.133 [http-nio-8080-exec-4] DEBUG io.netty.channel.DefaultChannelId - -Dio.netty.machineId: 3c:e9:f7:ff:fe:06:8e:3e (auto-detected)
24-12-31 23:02:05.161 [http-nio-8080-exec-4] DEBUG i.n.b.ChannelInitializerExtensions - -Dio.netty.bootstrap.extensions: null
24-12-31 23:02:05.199 [lettuce-nioEventLoop-4-1] DEBUG i.l.core.protocol.CommandHandler - [channel=0x0db3cdf0, [id: 0x5d806331] (inactive), epid=0x1, chid=0x1] channelRegistered()
24-12-31 23:02:05.207 [lettuce-nioEventLoop-4-1] DEBUG io.netty.util.Recycler - -Dio.netty.recycler.maxCapacityPerThread: 4096
24-12-31 23:02:05.207 [lettuce-nioEventLoop-4-1] DEBUG io.netty.util.Recycler - -Dio.netty.recycler.ratio: 8
24-12-31 23:02:05.207 [lettuce-nioEventLoop-4-1] DEBUG io.netty.util.Recycler - -Dio.netty.recycler.chunkSize: 32
24-12-31 23:02:05.208 [lettuce-nioEventLoop-4-1] DEBUG io.netty.util.Recycler - -Dio.netty.recycler.blocking: false
24-12-31 23:02:05.208 [lettuce-nioEventLoop-4-1] DEBUG io.netty.util.Recycler - -Dio.netty.recycler.batchFastThreadLocalOnly: true
24-12-31 23:02:05.220 [lettuce-nioEventLoop-4-1] DEBUG io.netty.buffer.AbstractByteBuf - -Dio.netty.buffer.checkAccessible: true
24-12-31 23:02:05.220 [lettuce-nioEventLoop-4-1] DEBUG io.netty.buffer.AbstractByteBuf - -Dio.netty.buffer.checkBounds: true
24-12-31 23:02:05.221 [lettuce-nioEventLoop-4-1] DEBUG i.n.util.ResourceLeakDetectorFactory - Loaded default ResourceLeakDetector: io.netty.util.ResourceLeakDetector@5ddd1488
24-12-31 23:02:05.249 [lettuce-nioEventLoop-4-1] DEBUG io.lettuce.core.AbstractRedisClient - Connecting to Redis at localhost/<unresolved>:6379: {}
io.netty.channel.AbstractChannel$AnnotatedConnectException: Connection refused: no further information: localhost/127.0.0.1:6379
Caused by: java.net.ConnectException: Connection refused: no further information
	at java.base/sun.nio.ch.Net.pollConnect(Native Method)
	at java.base/sun.nio.ch.Net.pollConnectNow(Net.java:672)
	at java.base/sun.nio.ch.SocketChannelImpl.finishConnect(SocketChannelImpl.java:946)
	at io.netty.channel.socket.nio.NioSocketChannel.doFinishConnect(NioSocketChannel.java:336)
	at io.netty.channel.nio.AbstractNioChannel$AbstractNioUnsafe.finishConnect(AbstractNioChannel.java:339)
	at io.netty.channel.nio.NioEventLoop.processSelectedKey(NioEventLoop.java:776)
	at io.netty.channel.nio.NioEventLoop.processSelectedKeysOptimized(NioEventLoop.java:724)
	at io.netty.channel.nio.NioEventLoop.processSelectedKeys(NioEventLoop.java:650)
	at io.netty.channel.nio.NioEventLoop.run(NioEventLoop.java:562)
	at io.netty.util.concurrent.SingleThreadEventExecutor$4.run(SingleThreadEventExecutor.java:997)
	at io.netty.util.internal.ThreadExecutorMap$2.run(ThreadExecutorMap.java:74)
	at io.netty.util.concurrent.FastThreadLocalRunnable.run(FastThreadLocalRunnable.java:30)
	at java.base/java.lang.Thread.run(Thread.java:842)
24-12-31 23:02:05.253 [lettuce-nioEventLoop-4-1] DEBUG io.lettuce.core.RedisChannelHandler - closeAsync()
24-12-31 23:02:05.255 [lettuce-nioEventLoop-4-1] DEBUG i.l.core.protocol.DefaultEndpoint - [unknown, epid=0x1] closeAsync()
24-12-31 23:02:05.258 [lettuce-nioEventLoop-4-1] DEBUG i.l.core.protocol.CommandHandler - [channel=0x0db3cdf0, [id: 0x5d806331] (inactive), epid=0x1, chid=0x1] channelUnregistered()
24-12-31 23:02:05.258 [http-nio-8080-exec-4] ERROR c.j.journalApp.service.RedisService - Exception in RedisService: 
org.springframework.data.redis.RedisConnectionFailureException: Unable to connect to Redis
	at org.springframework.data.redis.connection.lettuce.LettuceConnectionFactory$ExceptionTranslatingConnectionProvider.translateException(LettuceConnectionFactory.java:1849)
	at org.springframework.data.redis.connection.lettuce.LettuceConnectionFactory$ExceptionTranslatingConnectionProvider.getConnection(LettuceConnectionFactory.java:1780)
	at org.springframework.data.redis.connection.lettuce.LettuceConnectionFactory$SharedConnection.getNativeConnection(LettuceConnectionFactory.java:1582)
	at org.springframework.data.redis.connection.lettuce.LettuceConnectionFactory$SharedConnection.lambda$getConnection$0(LettuceConnectionFactory.java:1562)
	at org.springframework.data.redis.connection.lettuce.LettuceConnectionFactory.doInLock(LettuceConnectionFactory.java:1523)
	at org.springframework.data.redis.connection.lettuce.LettuceConnectionFactory$SharedConnection.getConnection(LettuceConnectionFactory.java:1559)
	at org.springframework.data.redis.connection.lettuce.LettuceConnectionFactory.getSharedConnection(LettuceConnectionFactory.java:1245)
	at org.springframework.data.redis.connection.lettuce.LettuceConnectionFactory.getConnection(LettuceConnectionFactory.java:1051)
	at org.springframework.data.redis.core.RedisConnectionUtils.fetchConnection(RedisConnectionUtils.java:195)
	at org.springframework.data.redis.core.RedisConnectionUtils.doGetConnection(RedisConnectionUtils.java:144)
	at org.springframework.data.redis.core.RedisConnectionUtils.getConnection(RedisConnectionUtils.java:105)
	at org.springframework.data.redis.core.RedisTemplate.execute(RedisTemplate.java:398)
	at org.springframework.data.redis.core.RedisTemplate.execute(RedisTemplate.java:378)
	at org.springframework.data.redis.core.AbstractOperations.execute(AbstractOperations.java:97)
	at org.springframework.data.redis.core.DefaultValueOperations.get(DefaultValueOperations.java:50)
	at com.journalapp.journalApp.service.RedisService.get(RedisService.java:20)
	at com.journalapp.journalApp.service.WeatherService.getWeather(WeatherService.java:29)
	at com.journalapp.journalApp.controller.UserController.greeting(UserController.java:57)
	at java.base/jdk.internal.reflect.NativeMethodAccessorImpl.invoke0(Native Method)
	at java.base/jdk.internal.reflect.NativeMethodAccessorImpl.invoke(NativeMethodAccessorImpl.java:77)
	at java.base/jdk.internal.reflect.DelegatingMethodAccessorImpl.invoke(DelegatingMethodAccessorImpl.java:43)
	at java.base/java.lang.reflect.Method.invoke(Method.java:568)
	at org.springframework.web.method.support.InvocableHandlerMethod.doInvoke(InvocableHandlerMethod.java:255)
	at org.springframework.web.method.support.InvocableHandlerMethod.invokeForRequest(InvocableHandlerMethod.java:188)
	at org.springframework.web.servlet.mvc.method.annotation.ServletInvocableHandlerMethod.invokeAndHandle(ServletInvocableHandlerMethod.java:118)
	at org.springframework.web.servlet.mvc.method.annotation.RequestMappingHandlerAdapter.invokeHandlerMethod(RequestMappingHandlerAdapter.java:926)
	at org.springframework.web.servlet.mvc.method.annotation.RequestMappingHandlerAdapter.handleInternal(RequestMappingHandlerAdapter.java:831)
	at org.springframework.web.servlet.mvc.method.AbstractHandlerMethodAdapter.handle(AbstractHandlerMethodAdapter.java:87)
	at org.springframework.web.servlet.DispatcherServlet.doDispatch(DispatcherServlet.java:1089)
	at org.springframework.web.servlet.DispatcherServlet.doService(DispatcherServlet.java:979)
	at org.springframework.web.servlet.FrameworkServlet.processRequest(FrameworkServlet.java:1014)
	at org.springframework.web.servlet.FrameworkServlet.doGet(FrameworkServlet.java:903)
	at jakarta.servlet.http.HttpServlet.service(HttpServlet.java:564)
	at org.springframework.web.servlet.FrameworkServlet.service(FrameworkServlet.java:885)
	at jakarta.servlet.http.HttpServlet.service(HttpServlet.java:658)
	at org.apache.catalina.core.ApplicationFilterChain.internalDoFilter(ApplicationFilterChain.java:195)
	at org.apache.catalina.core.ApplicationFilterChain.doFilter(ApplicationFilterChain.java:140)
	at org.apache.tomcat.websocket.server.WsFilter.doFilter(WsFilter.java:51)
	at org.apache.catalina.core.ApplicationFilterChain.internalDoFilter(ApplicationFilterChain.java:164)
	at org.apache.catalina.core.ApplicationFilterChain.doFilter(ApplicationFilterChain.java:140)
	at org.springframework.web.filter.CompositeFilter$VirtualFilterChain.doFilter(CompositeFilter.java:108)
	at org.springframework.security.web.FilterChainProxy.lambda$doFilterInternal$3(FilterChainProxy.java:231)
	at org.springframework.security.web.FilterChainProxy$VirtualFilterChain.doFilter(FilterChainProxy.java:365)
	at org.springframework.security.web.access.intercept.AuthorizationFilter.doFilter(AuthorizationFilter.java:100)
	at org.springframework.security.web.FilterChainProxy$VirtualFilterChain.doFilter(FilterChainProxy.java:374)
	at org.springframework.security.web.access.ExceptionTranslationFilter.doFilter(ExceptionTranslationFilter.java:126)
	at org.springframework.security.web.access.ExceptionTranslationFilter.doFilter(ExceptionTranslationFilter.java:120)
	at org.springframework.security.web.FilterChainProxy$VirtualFilterChain.doFilter(FilterChainProxy.java:374)
	at org.springframework.security.web.authentication.AnonymousAuthenticationFilter.doFilter(AnonymousAuthenticationFilter.java:100)
	at org.springframework.security.web.FilterChainProxy$VirtualFilterChain.doFilter(FilterChainProxy.java:374)
	at org.springframework.security.web.servletapi.SecurityContextHolderAwareRequestFilter.doFilter(SecurityContextHolderAwareRequestFilter.java:179)
	at org.springframework.security.web.FilterChainProxy$VirtualFilterChain.doFilter(FilterChainProxy.java:374)
	at org.springframework.security.web.savedrequest.RequestCacheAwareFilter.doFilter(RequestCacheAwareFilter.java:63)
	at org.springframework.security.web.FilterChainProxy$VirtualFilterChain.doFilter(FilterChainProxy.java:374)
	at org.springframework.security.web.authentication.www.BasicAuthenticationFilter.doFilterInternal(BasicAuthenticationFilter.java:213)
	at org.springframework.web.filter.OncePerRequestFilter.doFilter(OncePerRequestFilter.java:116)
	at org.springframework.security.web.FilterChainProxy$VirtualFilterChain.doFilter(FilterChainProxy.java:374)
	at org.springframework.security.web.authentication.logout.LogoutFilter.doFilter(LogoutFilter.java:107)
	at org.springframework.security.web.authentication.logout.LogoutFilter.doFilter(LogoutFilter.java:93)
	at org.springframework.security.web.FilterChainProxy$VirtualFilterChain.doFilter(FilterChainProxy.java:374)
	at org.springframework.security.web.header.HeaderWriterFilter.doHeadersAfter(HeaderWriterFilter.java:90)
	at org.springframework.security.web.header.HeaderWriterFilter.doFilterInternal(HeaderWriterFilter.java:75)
	at org.springframework.web.filter.OncePerRequestFilter.doFilter(OncePerRequestFilter.java:116)
	at org.springframework.security.web.FilterChainProxy$VirtualFilterChain.doFilter(FilterChainProxy.java:374)
	at org.springframework.security.web.context.SecurityContextHolderFilter.doFilter(SecurityContextHolderFilter.java:82)
	at org.springframework.security.web.context.SecurityContextHolderFilter.doFilter(SecurityContextHolderFilter.java:69)
	at org.springframework.security.web.FilterChainProxy$VirtualFilterChain.doFilter(FilterChainProxy.java:374)
	at org.springframework.security.web.context.request.async.WebAsyncManagerIntegrationFilter.doFilterInternal(WebAsyncManagerIntegrationFilter.java:62)
	at org.springframework.web.filter.OncePerRequestFilter.doFilter(OncePerRequestFilter.java:116)
	at org.springframework.security.web.FilterChainProxy$VirtualFilterChain.doFilter(FilterChainProxy.java:374)
	at org.springframework.security.web.session.DisableEncodeUrlFilter.doFilterInternal(DisableEncodeUrlFilter.java:42)
	at org.springframework.web.filter.OncePerRequestFilter.doFilter(OncePerRequestFilter.java:116)
	at org.springframework.security.web.FilterChainProxy$VirtualFilterChain.doFilter(FilterChainProxy.java:374)
	at org.springframework.security.web.FilterChainProxy.doFilterInternal(FilterChainProxy.java:233)
	at org.springframework.security.web.FilterChainProxy.doFilter(FilterChainProxy.java:191)
	at org.springframework.web.filter.CompositeFilter$VirtualFilterChain.doFilter(CompositeFilter.java:113)
	at org.springframework.web.servlet.handler.HandlerMappingIntrospector.lambda$createCacheFilter$3(HandlerMappingIntrospector.java:195)
	at org.springframework.web.filter.CompositeFilter$VirtualFilterChain.doFilter(CompositeFilter.java:113)
	at org.springframework.web.filter.CompositeFilter.doFilter(CompositeFilter.java:74)
	at org.springframework.security.config.annotation.web.configuration.WebMvcSecurityConfiguration$CompositeFilterChainProxy.doFilter(WebMvcSecurityConfiguration.java:230)
	at org.springframework.web.filter.DelegatingFilterProxy.invokeDelegate(DelegatingFilterProxy.java:362)
	at org.springframework.web.filter.DelegatingFilterProxy.doFilter(DelegatingFilterProxy.java:278)
	at org.apache.catalina.core.ApplicationFilterChain.internalDoFilter(ApplicationFilterChain.java:164)
	at org.apache.catalina.core.ApplicationFilterChain.doFilter(ApplicationFilterChain.java:140)
	at org.springframework.web.filter.RequestContextFilter.doFilterInternal(RequestContextFilter.java:100)
	at org.springframework.web.filter.OncePerRequestFilter.doFilter(OncePerRequestFilter.java:116)
	at org.apache.catalina.core.ApplicationFilterChain.internalDoFilter(ApplicationFilterChain.java:164)
	at org.apache.catalina.core.ApplicationFilterChain.doFilter(ApplicationFilterChain.java:140)
	at org.springframework.web.filter.FormContentFilter.doFilterInternal(FormContentFilter.java:93)
	at org.springframework.web.filter.OncePerRequestFilter.doFilter(OncePerRequestFilter.java:116)
	at org.apache.catalina.core.ApplicationFilterChain.internalDoFilter(ApplicationFilterChain.java:164)
	at org.apache.catalina.core.ApplicationFilterChain.doFilter(ApplicationFilterChain.java:140)
	at org.springframework.web.filter.CharacterEncodingFilter.doFilterInternal(CharacterEncodingFilter.java:201)
	at org.springframework.web.filter.OncePerRequestFilter.doFilter(OncePerRequestFilter.java:116)
	at org.apache.catalina.core.ApplicationFilterChain.internalDoFilter(ApplicationFilterChain.java:164)
	at org.apache.catalina.core.ApplicationFilterChain.doFilter(ApplicationFilterChain.java:140)
	at org.apache.catalina.core.StandardWrapperValve.invoke(StandardWrapperValve.java:167)
	at org.apache.catalina.core.StandardContextValve.invoke(StandardContextValve.java:90)
	at org.apache.catalina.authenticator.AuthenticatorBase.invoke(AuthenticatorBase.java:483)
	at org.apache.catalina.core.StandardHostValve.invoke(StandardHostValve.java:115)
	at org.apache.catalina.valves.ErrorReportValve.invoke(ErrorReportValve.java:93)
	at org.apache.catalina.core.StandardEngineValve.invoke(StandardEngineValve.java:74)
	at org.apache.catalina.connector.CoyoteAdapter.service(CoyoteAdapter.java:344)
	at org.apache.coyote.http11.Http11Processor.service(Http11Processor.java:397)
	at org.apache.coyote.AbstractProcessorLight.process(AbstractProcessorLight.java:63)
	at org.apache.coyote.AbstractProtocol$ConnectionHandler.process(AbstractProtocol.java:905)
	at org.apache.tomcat.util.net.NioEndpoint$SocketProcessor.doRun(NioEndpoint.java:1741)
	at org.apache.tomcat.util.net.SocketProcessorBase.run(SocketProcessorBase.java:52)
	at org.apache.tomcat.util.threads.ThreadPoolExecutor.runWorker(ThreadPoolExecutor.java:1190)
	at org.apache.tomcat.util.threads.ThreadPoolExecutor$Worker.run(ThreadPoolExecutor.java:659)
	at org.apache.tomcat.util.threads.TaskThread$WrappingRunnable.run(TaskThread.java:63)
	at java.base/java.lang.Thread.run(Thread.java:842)
Caused by: io.lettuce.core.RedisConnectionException: Unable to connect to localhost/<unresolved>:6379
	at io.lettuce.core.RedisConnectionException.create(RedisConnectionException.java:78)
	at io.lettuce.core.RedisConnectionException.create(RedisConnectionException.java:56)
	at io.lettuce.core.AbstractRedisClient.getConnection(AbstractRedisClient.java:350)
	at io.lettuce.core.RedisClient.connect(RedisClient.java:215)
	at org.springframework.data.redis.connection.lettuce.StandaloneConnectionProvider.lambda$getConnection$1(StandaloneConnectionProvider.java:112)
	at java.base/java.util.Optional.orElseGet(Optional.java:364)
	at org.springframework.data.redis.connection.lettuce.StandaloneConnectionProvider.getConnection(StandaloneConnectionProvider.java:112)
	at org.springframework.data.redis.connection.lettuce.LettuceConnectionFactory$ExceptionTranslatingConnectionProvider.getConnection(LettuceConnectionFactory.java:1778)
	... 110 common frames omitted
Caused by: io.netty.channel.AbstractChannel$AnnotatedConnectException: Connection refused: no further information: localhost/127.0.0.1:6379
Caused by: java.net.ConnectException: Connection refused: no further information
	at java.base/sun.nio.ch.Net.pollConnect(Native Method)
	at java.base/sun.nio.ch.Net.pollConnectNow(Net.java:672)
	at java.base/sun.nio.ch.SocketChannelImpl.finishConnect(SocketChannelImpl.java:946)
	at io.netty.channel.socket.nio.NioSocketChannel.doFinishConnect(NioSocketChannel.java:336)
	at io.netty.channel.nio.AbstractNioChannel$AbstractNioUnsafe.finishConnect(AbstractNioChannel.java:339)
	at io.netty.channel.nio.NioEventLoop.processSelectedKey(NioEventLoop.java:776)
	at io.netty.channel.nio.NioEventLoop.processSelectedKeysOptimized(NioEventLoop.java:724)
	at io.netty.channel.nio.NioEventLoop.processSelectedKeys(NioEventLoop.java:650)
	at io.netty.channel.nio.NioEventLoop.run(NioEventLoop.java:562)
	at io.netty.util.concurrent.SingleThreadEventExecutor$4.run(SingleThreadEventExecutor.java:997)
	at io.netty.util.internal.ThreadExecutorMap$2.run(ThreadExecutorMap.java:74)
	at io.netty.util.concurrent.FastThreadLocalRunnable.run(FastThreadLocalRunnable.java:30)
	at java.base/java.lang.Thread.run(Thread.java:842)
24-12-31 23:02:05.301 [http-nio-8080-exec-4] DEBUG o.s.web.client.RestTemplate - HTTP GET https://api.weatherstack.com/current?access_key=dc96263477636586219d1ceeba88e7fb&query=Mumbai
24-12-31 23:02:05.318 [http-nio-8080-exec-4] DEBUG i.m.c.u.i.l.InternalLoggerFactory - Using SLF4J as the default logging framework
24-12-31 23:02:05.419 [http-nio-8080-exec-4] DEBUG o.s.web.client.RestTemplate - Accept=[application/json, application/*+json]
24-12-31 23:02:05.988 [http-nio-8080-exec-4] DEBUG o.s.web.client.RestTemplate - Response 200 OK
24-12-31 23:02:05.991 [http-nio-8080-exec-4] DEBUG o.s.web.client.RestTemplate - Reading to [com.journalapp.journalApp.api.response.WeatherResponse]
24-12-31 23:02:06.048 [http-nio-8080-exec-4] DEBUG o.s.d.r.core.RedisConnectionUtils - Fetching Redis Connection from RedisConnectionFactory
24-12-31 23:02:06.049 [http-nio-8080-exec-4] DEBUG io.lettuce.core.RedisClient - Trying to get a Redis connection for: redis://localhost
24-12-31 23:02:06.049 [http-nio-8080-exec-4] DEBUG io.lettuce.core.RedisClient - Resolved SocketAddress localhost/<unresolved>:6379 using redis://localhost
24-12-31 23:02:06.049 [http-nio-8080-exec-4] DEBUG io.lettuce.core.AbstractRedisClient - Connecting to Redis at localhost/<unresolved>:6379
24-12-31 23:02:06.055 [lettuce-nioEventLoop-4-2] DEBUG i.l.core.protocol.CommandHandler - [channel=0xd85f1885, [id: 0x4589c916] (inactive), epid=0x2, chid=0x2] channelRegistered()
24-12-31 23:02:06.058 [lettuce-nioEventLoop-4-2] DEBUG io.lettuce.core.AbstractRedisClient - Connecting to Redis at localhost/<unresolved>:6379: {}
io.netty.channel.AbstractChannel$AnnotatedConnectException: Connection refused: no further information: localhost/127.0.0.1:6379
Caused by: java.net.ConnectException: Connection refused: no further information
	at java.base/sun.nio.ch.Net.pollConnect(Native Method)
	at java.base/sun.nio.ch.Net.pollConnectNow(Net.java:672)
	at java.base/sun.nio.ch.SocketChannelImpl.finishConnect(SocketChannelImpl.java:946)
	at io.netty.channel.socket.nio.NioSocketChannel.doFinishConnect(NioSocketChannel.java:336)
	at io.netty.channel.nio.AbstractNioChannel$AbstractNioUnsafe.finishConnect(AbstractNioChannel.java:339)
	at io.netty.channel.nio.NioEventLoop.processSelectedKey(NioEventLoop.java:776)
	at io.netty.channel.nio.NioEventLoop.processSelectedKeysOptimized(NioEventLoop.java:724)
	at io.netty.channel.nio.NioEventLoop.processSelectedKeys(NioEventLoop.java:650)
	at io.netty.channel.nio.NioEventLoop.run(NioEventLoop.java:562)
	at io.netty.util.concurrent.SingleThreadEventExecutor$4.run(SingleThreadEventExecutor.java:997)
	at io.netty.util.internal.ThreadExecutorMap$2.run(ThreadExecutorMap.java:74)
	at io.netty.util.concurrent.FastThreadLocalRunnable.run(FastThreadLocalRunnable.java:30)
	at java.base/java.lang.Thread.run(Thread.java:842)
24-12-31 23:02:06.058 [lettuce-nioEventLoop-4-2] DEBUG io.lettuce.core.RedisChannelHandler - closeAsync()
24-12-31 23:02:06.058 [lettuce-nioEventLoop-4-2] DEBUG i.l.core.protocol.DefaultEndpoint - [unknown, epid=0x2] closeAsync()
24-12-31 23:02:06.058 [lettuce-nioEventLoop-4-2] DEBUG i.l.core.protocol.CommandHandler - [channel=0xd85f1885, [id: 0x4589c916] (inactive), epid=0x2, chid=0x2] channelUnregistered()
24-12-31 23:02:06.059 [http-nio-8080-exec-4] ERROR c.j.journalApp.service.RedisService - Exception in RedisService: 
org.springframework.data.redis.RedisConnectionFailureException: Unable to connect to Redis
	at org.springframework.data.redis.connection.lettuce.LettuceConnectionFactory$ExceptionTranslatingConnectionProvider.translateException(LettuceConnectionFactory.java:1849)
	at org.springframework.data.redis.connection.lettuce.LettuceConnectionFactory$ExceptionTranslatingConnectionProvider.getConnection(LettuceConnectionFactory.java:1780)
	at org.springframework.data.redis.connection.lettuce.LettuceConnectionFactory$SharedConnection.getNativeConnection(LettuceConnectionFactory.java:1582)
	at org.springframework.data.redis.connection.lettuce.LettuceConnectionFactory$SharedConnection.lambda$getConnection$0(LettuceConnectionFactory.java:1562)
	at org.springframework.data.redis.connection.lettuce.LettuceConnectionFactory.doInLock(LettuceConnectionFactory.java:1523)
	at org.springframework.data.redis.connection.lettuce.LettuceConnectionFactory$SharedConnection.getConnection(LettuceConnectionFactory.java:1559)
	at org.springframework.data.redis.connection.lettuce.LettuceConnectionFactory.getSharedConnection(LettuceConnectionFactory.java:1245)
	at org.springframework.data.redis.connection.lettuce.LettuceConnectionFactory.getConnection(LettuceConnectionFactory.java:1051)
	at org.springframework.data.redis.core.RedisConnectionUtils.fetchConnection(RedisConnectionUtils.java:195)
	at org.springframework.data.redis.core.RedisConnectionUtils.doGetConnection(RedisConnectionUtils.java:144)
	at org.springframework.data.redis.core.RedisConnectionUtils.getConnection(RedisConnectionUtils.java:105)
	at org.springframework.data.redis.core.RedisTemplate.execute(RedisTemplate.java:398)
	at org.springframework.data.redis.core.RedisTemplate.execute(RedisTemplate.java:378)
	at org.springframework.data.redis.core.AbstractOperations.execute(AbstractOperations.java:97)
	at org.springframework.data.redis.core.DefaultValueOperations.set(DefaultValueOperations.java:253)
	at com.journalapp.journalApp.service.RedisService.set(RedisService.java:33)
	at com.journalapp.journalApp.service.WeatherService.getWeather(WeatherService.java:37)
	at com.journalapp.journalApp.controller.UserController.greeting(UserController.java:57)
	at java.base/jdk.internal.reflect.NativeMethodAccessorImpl.invoke0(Native Method)
	at java.base/jdk.internal.reflect.NativeMethodAccessorImpl.invoke(NativeMethodAccessorImpl.java:77)
	at java.base/jdk.internal.reflect.DelegatingMethodAccessorImpl.invoke(DelegatingMethodAccessorImpl.java:43)
	at java.base/java.lang.reflect.Method.invoke(Method.java:568)
	at org.springframework.web.method.support.InvocableHandlerMethod.doInvoke(InvocableHandlerMethod.java:255)
	at org.springframework.web.method.support.InvocableHandlerMethod.invokeForRequest(InvocableHandlerMethod.java:188)
	at org.springframework.web.servlet.mvc.method.annotation.ServletInvocableHandlerMethod.invokeAndHandle(ServletInvocableHandlerMethod.java:118)
	at org.springframework.web.servlet.mvc.method.annotation.RequestMappingHandlerAdapter.invokeHandlerMethod(RequestMappingHandlerAdapter.java:926)
	at org.springframework.web.servlet.mvc.method.annotation.RequestMappingHandlerAdapter.handleInternal(RequestMappingHandlerAdapter.java:831)
	at org.springframework.web.servlet.mvc.method.AbstractHandlerMethodAdapter.handle(AbstractHandlerMethodAdapter.java:87)
	at org.springframework.web.servlet.DispatcherServlet.doDispatch(DispatcherServlet.java:1089)
	at org.springframework.web.servlet.DispatcherServlet.doService(DispatcherServlet.java:979)
	at org.springframework.web.servlet.FrameworkServlet.processRequest(FrameworkServlet.java:1014)
	at org.springframework.web.servlet.FrameworkServlet.doGet(FrameworkServlet.java:903)
	at jakarta.servlet.http.HttpServlet.service(HttpServlet.java:564)
	at org.springframework.web.servlet.FrameworkServlet.service(FrameworkServlet.java:885)
	at jakarta.servlet.http.HttpServlet.service(HttpServlet.java:658)
	at org.apache.catalina.core.ApplicationFilterChain.internalDoFilter(ApplicationFilterChain.java:195)
	at org.apache.catalina.core.ApplicationFilterChain.doFilter(ApplicationFilterChain.java:140)
	at org.apache.tomcat.websocket.server.WsFilter.doFilter(WsFilter.java:51)
	at org.apache.catalina.core.ApplicationFilterChain.internalDoFilter(ApplicationFilterChain.java:164)
	at org.apache.catalina.core.ApplicationFilterChain.doFilter(ApplicationFilterChain.java:140)
	at org.springframework.web.filter.CompositeFilter$VirtualFilterChain.doFilter(CompositeFilter.java:108)
	at org.springframework.security.web.FilterChainProxy.lambda$doFilterInternal$3(FilterChainProxy.java:231)
	at org.springframework.security.web.FilterChainProxy$VirtualFilterChain.doFilter(FilterChainProxy.java:365)
	at org.springframework.security.web.access.intercept.AuthorizationFilter.doFilter(AuthorizationFilter.java:100)
	at org.springframework.security.web.FilterChainProxy$VirtualFilterChain.doFilter(FilterChainProxy.java:374)
	at org.springframework.security.web.access.ExceptionTranslationFilter.doFilter(ExceptionTranslationFilter.java:126)
	at org.springframework.security.web.access.ExceptionTranslationFilter.doFilter(ExceptionTranslationFilter.java:120)
	at org.springframework.security.web.FilterChainProxy$VirtualFilterChain.doFilter(FilterChainProxy.java:374)
	at org.springframework.security.web.authentication.AnonymousAuthenticationFilter.doFilter(AnonymousAuthenticationFilter.java:100)
	at org.springframework.security.web.FilterChainProxy$VirtualFilterChain.doFilter(FilterChainProxy.java:374)
	at org.springframework.security.web.servletapi.SecurityContextHolderAwareRequestFilter.doFilter(SecurityContextHolderAwareRequestFilter.java:179)
	at org.springframework.security.web.FilterChainProxy$VirtualFilterChain.doFilter(FilterChainProxy.java:374)
	at org.springframework.security.web.savedrequest.RequestCacheAwareFilter.doFilter(RequestCacheAwareFilter.java:63)
	at org.springframework.security.web.FilterChainProxy$VirtualFilterChain.doFilter(FilterChainProxy.java:374)
	at org.springframework.security.web.authentication.www.BasicAuthenticationFilter.doFilterInternal(BasicAuthenticationFilter.java:213)
	at org.springframework.web.filter.OncePerRequestFilter.doFilter(OncePerRequestFilter.java:116)
	at org.springframework.security.web.FilterChainProxy$VirtualFilterChain.doFilter(FilterChainProxy.java:374)
	at org.springframework.security.web.authentication.logout.LogoutFilter.doFilter(LogoutFilter.java:107)
	at org.springframework.security.web.authentication.logout.LogoutFilter.doFilter(LogoutFilter.java:93)
	at org.springframework.security.web.FilterChainProxy$VirtualFilterChain.doFilter(FilterChainProxy.java:374)
	at org.springframework.security.web.header.HeaderWriterFilter.doHeadersAfter(HeaderWriterFilter.java:90)
	at org.springframework.security.web.header.HeaderWriterFilter.doFilterInternal(HeaderWriterFilter.java:75)
	at org.springframework.web.filter.OncePerRequestFilter.doFilter(OncePerRequestFilter.java:116)
	at org.springframework.security.web.FilterChainProxy$VirtualFilterChain.doFilter(FilterChainProxy.java:374)
	at org.springframework.security.web.context.SecurityContextHolderFilter.doFilter(SecurityContextHolderFilter.java:82)
	at org.springframework.security.web.context.SecurityContextHolderFilter.doFilter(SecurityContextHolderFilter.java:69)
	at org.springframework.security.web.FilterChainProxy$VirtualFilterChain.doFilter(FilterChainProxy.java:374)
	at org.springframework.security.web.context.request.async.WebAsyncManagerIntegrationFilter.doFilterInternal(WebAsyncManagerIntegrationFilter.java:62)
	at org.springframework.web.filter.OncePerRequestFilter.doFilter(OncePerRequestFilter.java:116)
	at org.springframework.security.web.FilterChainProxy$VirtualFilterChain.doFilter(FilterChainProxy.java:374)
	at org.springframework.security.web.session.DisableEncodeUrlFilter.doFilterInternal(DisableEncodeUrlFilter.java:42)
	at org.springframework.web.filter.OncePerRequestFilter.doFilter(OncePerRequestFilter.java:116)
	at org.springframework.security.web.FilterChainProxy$VirtualFilterChain.doFilter(FilterChainProxy.java:374)
	at org.springframework.security.web.FilterChainProxy.doFilterInternal(FilterChainProxy.java:233)
	at org.springframework.security.web.FilterChainProxy.doFilter(FilterChainProxy.java:191)
	at org.springframework.web.filter.CompositeFilter$VirtualFilterChain.doFilter(CompositeFilter.java:113)
	at org.springframework.web.servlet.handler.HandlerMappingIntrospector.lambda$createCacheFilter$3(HandlerMappingIntrospector.java:195)
	at org.springframework.web.filter.CompositeFilter$VirtualFilterChain.doFilter(CompositeFilter.java:113)
	at org.springframework.web.filter.CompositeFilter.doFilter(CompositeFilter.java:74)
	at org.springframework.security.config.annotation.web.configuration.WebMvcSecurityConfiguration$CompositeFilterChainProxy.doFilter(WebMvcSecurityConfiguration.java:230)
	at org.springframework.web.filter.DelegatingFilterProxy.invokeDelegate(DelegatingFilterProxy.java:362)
	at org.springframework.web.filter.DelegatingFilterProxy.doFilter(DelegatingFilterProxy.java:278)
	at org.apache.catalina.core.ApplicationFilterChain.internalDoFilter(ApplicationFilterChain.java:164)
	at org.apache.catalina.core.ApplicationFilterChain.doFilter(ApplicationFilterChain.java:140)
	at org.springframework.web.filter.RequestContextFilter.doFilterInternal(RequestContextFilter.java:100)
	at org.springframework.web.filter.OncePerRequestFilter.doFilter(OncePerRequestFilter.java:116)
	at org.apache.catalina.core.ApplicationFilterChain.internalDoFilter(ApplicationFilterChain.java:164)
	at org.apache.catalina.core.ApplicationFilterChain.doFilter(ApplicationFilterChain.java:140)
	at org.springframework.web.filter.FormContentFilter.doFilterInternal(FormContentFilter.java:93)
	at org.springframework.web.filter.OncePerRequestFilter.doFilter(OncePerRequestFilter.java:116)
	at org.apache.catalina.core.ApplicationFilterChain.internalDoFilter(ApplicationFilterChain.java:164)
	at org.apache.catalina.core.ApplicationFilterChain.doFilter(ApplicationFilterChain.java:140)
	at org.springframework.web.filter.CharacterEncodingFilter.doFilterInternal(CharacterEncodingFilter.java:201)
	at org.springframework.web.filter.OncePerRequestFilter.doFilter(OncePerRequestFilter.java:116)
	at org.apache.catalina.core.ApplicationFilterChain.internalDoFilter(ApplicationFilterChain.java:164)
	at org.apache.catalina.core.ApplicationFilterChain.doFilter(ApplicationFilterChain.java:140)
	at org.apache.catalina.core.StandardWrapperValve.invoke(StandardWrapperValve.java:167)
	at org.apache.catalina.core.StandardContextValve.invoke(StandardContextValve.java:90)
	at org.apache.catalina.authenticator.AuthenticatorBase.invoke(AuthenticatorBase.java:483)
	at org.apache.catalina.core.StandardHostValve.invoke(StandardHostValve.java:115)
	at org.apache.catalina.valves.ErrorReportValve.invoke(ErrorReportValve.java:93)
	at org.apache.catalina.core.StandardEngineValve.invoke(StandardEngineValve.java:74)
	at org.apache.catalina.connector.CoyoteAdapter.service(CoyoteAdapter.java:344)
	at org.apache.coyote.http11.Http11Processor.service(Http11Processor.java:397)
	at org.apache.coyote.AbstractProcessorLight.process(AbstractProcessorLight.java:63)
	at org.apache.coyote.AbstractProtocol$ConnectionHandler.process(AbstractProtocol.java:905)
	at org.apache.tomcat.util.net.NioEndpoint$SocketProcessor.doRun(NioEndpoint.java:1741)
	at org.apache.tomcat.util.net.SocketProcessorBase.run(SocketProcessorBase.java:52)
	at org.apache.tomcat.util.threads.ThreadPoolExecutor.runWorker(ThreadPoolExecutor.java:1190)
	at org.apache.tomcat.util.threads.ThreadPoolExecutor$Worker.run(ThreadPoolExecutor.java:659)
	at org.apache.tomcat.util.threads.TaskThread$WrappingRunnable.run(TaskThread.java:63)
	at java.base/java.lang.Thread.run(Thread.java:842)
Caused by: io.lettuce.core.RedisConnectionException: Unable to connect to localhost/<unresolved>:6379
	at io.lettuce.core.RedisConnectionException.create(RedisConnectionException.java:78)
	at io.lettuce.core.RedisConnectionException.create(RedisConnectionException.java:56)
	at io.lettuce.core.AbstractRedisClient.getConnection(AbstractRedisClient.java:350)
	at io.lettuce.core.RedisClient.connect(RedisClient.java:215)
	at org.springframework.data.redis.connection.lettuce.StandaloneConnectionProvider.lambda$getConnection$1(StandaloneConnectionProvider.java:112)
	at java.base/java.util.Optional.orElseGet(Optional.java:364)
	at org.springframework.data.redis.connection.lettuce.StandaloneConnectionProvider.getConnection(StandaloneConnectionProvider.java:112)
	at org.springframework.data.redis.connection.lettuce.LettuceConnectionFactory$ExceptionTranslatingConnectionProvider.getConnection(LettuceConnectionFactory.java:1778)
	... 110 common frames omitted
Caused by: io.netty.channel.AbstractChannel$AnnotatedConnectException: Connection refused: no further information: localhost/127.0.0.1:6379
Caused by: java.net.ConnectException: Connection refused: no further information
	at java.base/sun.nio.ch.Net.pollConnect(Native Method)
	at java.base/sun.nio.ch.Net.pollConnectNow(Net.java:672)
	at java.base/sun.nio.ch.SocketChannelImpl.finishConnect(SocketChannelImpl.java:946)
	at io.netty.channel.socket.nio.NioSocketChannel.doFinishConnect(NioSocketChannel.java:336)
	at io.netty.channel.nio.AbstractNioChannel$AbstractNioUnsafe.finishConnect(AbstractNioChannel.java:339)
	at io.netty.channel.nio.NioEventLoop.processSelectedKey(NioEventLoop.java:776)
	at io.netty.channel.nio.NioEventLoop.processSelectedKeysOptimized(NioEventLoop.java:724)
	at io.netty.channel.nio.NioEventLoop.processSelectedKeys(NioEventLoop.java:650)
	at io.netty.channel.nio.NioEventLoop.run(NioEventLoop.java:562)
	at io.netty.util.concurrent.SingleThreadEventExecutor$4.run(SingleThreadEventExecutor.java:997)
	at io.netty.util.internal.ThreadExecutorMap$2.run(ThreadExecutorMap.java:74)
	at io.netty.util.concurrent.FastThreadLocalRunnable.run(FastThreadLocalRunnable.java:30)
	at java.base/java.lang.Thread.run(Thread.java:842)
24-12-31 23:02:06.070 [http-nio-8080-exec-4] DEBUG o.s.w.s.m.m.a.HttpEntityMethodProcessor - Using 'text/plain', given [*/*] and supported [text/plain, */*, application/json, application/*+json]
24-12-31 23:02:06.073 [http-nio-8080-exec-4] DEBUG o.s.w.s.m.m.a.HttpEntityMethodProcessor - Writing ["Hi Saurabh, Weather feels like 31"]
24-12-31 23:02:06.081 [http-nio-8080-exec-4] DEBUG o.s.web.servlet.DispatcherServlet - Completed 200 OK
24-12-31 23:02:14.900 [cluster-ClusterId{value='67742a89ce30de6ad75fa98a', description='JournalCluster'}-journalcluster-shard-00-00.hpqn1.mongodb.net:27017] DEBUG org.mongodb.driver.cluster - Updating cluster description to  {type=REPLICA_SET, servers=[{address=journalcluster-shard-00-01.hpqn1.mongodb.net:27017, type=REPLICA_SET_SECONDARY, TagSet{[Tag{name='availabilityZone', value='aps1-az3'}, Tag{name='diskState', value='READY'}, Tag{name='nodeType', value='ELECTABLE'}, Tag{name='provider', value='AWS'}, Tag{name='region', value='AP_SOUTH_1'}, Tag{name='workloadType', value='OPERATIONAL'}]}, roundTripTime=349.1 ms, state=CONNECTED}, {address=journalcluster-shard-00-00.hpqn1.mongodb.net:27017, type=REPLICA_SET_SECONDARY, TagSet{[Tag{name='availabilityZone', value='aps1-az1'}, Tag{name='diskState', value='READY'}, Tag{name='nodeType', value='ELECTABLE'}, Tag{name='provider', value='AWS'}, Tag{name='region', value='AP_SOUTH_1'}, Tag{name='workloadType', value='OPERATIONAL'}]}, roundTripTime=349.1 ms, state=CONNECTED}, {address=journalcluster-shard-00-02.hpqn1.mongodb.net:27017, type=REPLICA_SET_PRIMARY, TagSet{[Tag{name='availabilityZone', value='aps1-az2'}, Tag{name='diskState', value='READY'}, Tag{name='nodeType', value='ELECTABLE'}, Tag{name='provider', value='AWS'}, Tag{name='region', value='AP_SOUTH_1'}, Tag{name='workloadType', value='OPERATIONAL'}]}, roundTripTime=349.3 ms, state=CONNECTED}]
24-12-31 23:02:14.900 [cluster-ClusterId{value='67742a89ce30de6ad75fa98a', description='JournalCluster'}-journalcluster-shard-00-00.hpqn1.mongodb.net:27017] DEBUG org.mongodb.driver.cluster - Checking status of journalcluster-shard-00-00.hpqn1.mongodb.net:27017
24-12-31 23:02:14.900 [cluster-ClusterId{value='67742a89ce30de6ad75fa98a', description='JournalCluster'}-journalcluster-shard-00-01.hpqn1.mongodb.net:27017] DEBUG org.mongodb.driver.cluster - Updating cluster description to  {type=REPLICA_SET, servers=[{address=journalcluster-shard-00-01.hpqn1.mongodb.net:27017, type=REPLICA_SET_SECONDARY, TagSet{[Tag{name='availabilityZone', value='aps1-az3'}, Tag{name='diskState', value='READY'}, Tag{name='nodeType', value='ELECTABLE'}, Tag{name='provider', value='AWS'}, Tag{name='region', value='AP_SOUTH_1'}, Tag{name='workloadType', value='OPERATIONAL'}]}, roundTripTime=349.1 ms, state=CONNECTED}, {address=journalcluster-shard-00-00.hpqn1.mongodb.net:27017, type=REPLICA_SET_SECONDARY, TagSet{[Tag{name='availabilityZone', value='aps1-az1'}, Tag{name='diskState', value='READY'}, Tag{name='nodeType', value='ELECTABLE'}, Tag{name='provider', value='AWS'}, Tag{name='region', value='AP_SOUTH_1'}, Tag{name='workloadType', value='OPERATIONAL'}]}, roundTripTime=349.1 ms, state=CONNECTED}, {address=journalcluster-shard-00-02.hpqn1.mongodb.net:27017, type=REPLICA_SET_PRIMARY, TagSet{[Tag{name='availabilityZone', value='aps1-az2'}, Tag{name='diskState', value='READY'}, Tag{name='nodeType', value='ELECTABLE'}, Tag{name='provider', value='AWS'}, Tag{name='region', value='AP_SOUTH_1'}, Tag{name='workloadType', value='OPERATIONAL'}]}, roundTripTime=349.3 ms, state=CONNECTED}]
24-12-31 23:02:14.900 [cluster-ClusterId{value='67742a89ce30de6ad75fa98a', description='JournalCluster'}-journalcluster-shard-00-01.hpqn1.mongodb.net:27017] DEBUG org.mongodb.driver.cluster - Checking status of journalcluster-shard-00-01.hpqn1.mongodb.net:27017
24-12-31 23:02:14.909 [cluster-ClusterId{value='67742a89ce30de6ad75fa98a', description='JournalCluster'}-journalcluster-shard-00-02.hpqn1.mongodb.net:27017] DEBUG org.mongodb.driver.cluster - Updating cluster description to  {type=REPLICA_SET, servers=[{address=journalcluster-shard-00-01.hpqn1.mongodb.net:27017, type=REPLICA_SET_SECONDARY, TagSet{[Tag{name='availabilityZone', value='aps1-az3'}, Tag{name='diskState', value='READY'}, Tag{name='nodeType', value='ELECTABLE'}, Tag{name='provider', value='AWS'}, Tag{name='region', value='AP_SOUTH_1'}, Tag{name='workloadType', value='OPERATIONAL'}]}, roundTripTime=349.1 ms, state=CONNECTED}, {address=journalcluster-shard-00-00.hpqn1.mongodb.net:27017, type=REPLICA_SET_SECONDARY, TagSet{[Tag{name='availabilityZone', value='aps1-az1'}, Tag{name='diskState', value='READY'}, Tag{name='nodeType', value='ELECTABLE'}, Tag{name='provider', value='AWS'}, Tag{name='region', value='AP_SOUTH_1'}, Tag{name='workloadType', value='OPERATIONAL'}]}, roundTripTime=349.1 ms, state=CONNECTED}, {address=journalcluster-shard-00-02.hpqn1.mongodb.net:27017, type=REPLICA_SET_PRIMARY, TagSet{[Tag{name='availabilityZone', value='aps1-az2'}, Tag{name='diskState', value='READY'}, Tag{name='nodeType', value='ELECTABLE'}, Tag{name='provider', value='AWS'}, Tag{name='region', value='AP_SOUTH_1'}, Tag{name='workloadType', value='OPERATIONAL'}]}, roundTripTime=282.2 ms, state=CONNECTED}]
24-12-31 23:02:14.910 [cluster-ClusterId{value='67742a89ce30de6ad75fa98a', description='JournalCluster'}-journalcluster-shard-00-02.hpqn1.mongodb.net:27017] DEBUG org.mongodb.driver.cluster - Checking status of journalcluster-shard-00-02.hpqn1.mongodb.net:27017
24-12-31 23:02:24.922 [cluster-ClusterId{value='67742a89ce30de6ad75fa98a', description='JournalCluster'}-journalcluster-shard-00-00.hpqn1.mongodb.net:27017] DEBUG org.mongodb.driver.cluster - Updating cluster description to  {type=REPLICA_SET, servers=[{address=journalcluster-shard-00-01.hpqn1.mongodb.net:27017, type=REPLICA_SET_SECONDARY, TagSet{[Tag{name='availabilityZone', value='aps1-az3'}, Tag{name='diskState', value='READY'}, Tag{name='nodeType', value='ELECTABLE'}, Tag{name='provider', value='AWS'}, Tag{name='region', value='AP_SOUTH_1'}, Tag{name='workloadType', value='OPERATIONAL'}]}, roundTripTime=349.1 ms, state=CONNECTED}, {address=journalcluster-shard-00-00.hpqn1.mongodb.net:27017, type=REPLICA_SET_SECONDARY, TagSet{[Tag{name='availabilityZone', value='aps1-az1'}, Tag{name='diskState', value='READY'}, Tag{name='nodeType', value='ELECTABLE'}, Tag{name='provider', value='AWS'}, Tag{name='region', value='AP_SOUTH_1'}, Tag{name='workloadType', value='OPERATIONAL'}]}, roundTripTime=282.0 ms, state=CONNECTED}, {address=journalcluster-shard-00-02.hpqn1.mongodb.net:27017, type=REPLICA_SET_PRIMARY, TagSet{[Tag{name='availabilityZone', value='aps1-az2'}, Tag{name='diskState', value='READY'}, Tag{name='nodeType', value='ELECTABLE'}, Tag{name='provider', value='AWS'}, Tag{name='region', value='AP_SOUTH_1'}, Tag{name='workloadType', value='OPERATIONAL'}]}, roundTripTime=282.2 ms, state=CONNECTED}]
24-12-31 23:02:24.922 [cluster-ClusterId{value='67742a89ce30de6ad75fa98a', description='JournalCluster'}-journalcluster-shard-00-00.hpqn1.mongodb.net:27017] DEBUG org.mongodb.driver.cluster - Checking status of journalcluster-shard-00-00.hpqn1.mongodb.net:27017
24-12-31 23:02:24.923 [cluster-ClusterId{value='67742a89ce30de6ad75fa98a', description='JournalCluster'}-journalcluster-shard-00-02.hpqn1.mongodb.net:27017] DEBUG org.mongodb.driver.cluster - Updating cluster description to  {type=REPLICA_SET, servers=[{address=journalcluster-shard-00-01.hpqn1.mongodb.net:27017, type=REPLICA_SET_SECONDARY, TagSet{[Tag{name='availabilityZone', value='aps1-az3'}, Tag{name='diskState', value='READY'}, Tag{name='nodeType', value='ELECTABLE'}, Tag{name='provider', value='AWS'}, Tag{name='region', value='AP_SOUTH_1'}, Tag{name='workloadType', value='OPERATIONAL'}]}, roundTripTime=349.1 ms, state=CONNECTED}, {address=journalcluster-shard-00-00.hpqn1.mongodb.net:27017, type=REPLICA_SET_SECONDARY, TagSet{[Tag{name='availabilityZone', value='aps1-az1'}, Tag{name='diskState', value='READY'}, Tag{name='nodeType', value='ELECTABLE'}, Tag{name='provider', value='AWS'}, Tag{name='region', value='AP_SOUTH_1'}, Tag{name='workloadType', value='OPERATIONAL'}]}, roundTripTime=282.0 ms, state=CONNECTED}, {address=journalcluster-shard-00-02.hpqn1.mongodb.net:27017, type=REPLICA_SET_PRIMARY, TagSet{[Tag{name='availabilityZone', value='aps1-az2'}, Tag{name='diskState', value='READY'}, Tag{name='nodeType', value='ELECTABLE'}, Tag{name='provider', value='AWS'}, Tag{name='region', value='AP_SOUTH_1'}, Tag{name='workloadType', value='OPERATIONAL'}]}, roundTripTime=282.2 ms, state=CONNECTED}]
24-12-31 23:02:24.923 [cluster-ClusterId{value='67742a89ce30de6ad75fa98a', description='JournalCluster'}-journalcluster-shard-00-02.hpqn1.mongodb.net:27017] DEBUG org.mongodb.driver.cluster - Checking status of journalcluster-shard-00-02.hpqn1.mongodb.net:27017
24-12-31 23:02:24.923 [cluster-ClusterId{value='67742a89ce30de6ad75fa98a', description='JournalCluster'}-journalcluster-shard-00-01.hpqn1.mongodb.net:27017] DEBUG org.mongodb.driver.cluster - Updating cluster description to  {type=REPLICA_SET, servers=[{address=journalcluster-shard-00-01.hpqn1.mongodb.net:27017, type=REPLICA_SET_SECONDARY, TagSet{[Tag{name='availabilityZone', value='aps1-az3'}, Tag{name='diskState', value='READY'}, Tag{name='nodeType', value='ELECTABLE'}, Tag{name='provider', value='AWS'}, Tag{name='region', value='AP_SOUTH_1'}, Tag{name='workloadType', value='OPERATIONAL'}]}, roundTripTime=282.0 ms, state=CONNECTED}, {address=journalcluster-shard-00-00.hpqn1.mongodb.net:27017, type=REPLICA_SET_SECONDARY, TagSet{[Tag{name='availabilityZone', value='aps1-az1'}, Tag{name='diskState', value='READY'}, Tag{name='nodeType', value='ELECTABLE'}, Tag{name='provider', value='AWS'}, Tag{name='region', value='AP_SOUTH_1'}, Tag{name='workloadType', value='OPERATIONAL'}]}, roundTripTime=282.0 ms, state=CONNECTED}, {address=journalcluster-shard-00-02.hpqn1.mongodb.net:27017, type=REPLICA_SET_PRIMARY, TagSet{[Tag{name='availabilityZone', value='aps1-az2'}, Tag{name='diskState', value='READY'}, Tag{name='nodeType', value='ELECTABLE'}, Tag{name='provider', value='AWS'}, Tag{name='region', value='AP_SOUTH_1'}, Tag{name='workloadType', value='OPERATIONAL'}]}, roundTripTime=282.2 ms, state=CONNECTED}]
24-12-31 23:02:24.924 [cluster-ClusterId{value='67742a89ce30de6ad75fa98a', description='JournalCluster'}-journalcluster-shard-00-01.hpqn1.mongodb.net:27017] DEBUG org.mongodb.driver.cluster - Checking status of journalcluster-shard-00-01.hpqn1.mongodb.net:27017
24-12-31 23:02:34.935 [cluster-ClusterId{value='67742a89ce30de6ad75fa98a', description='JournalCluster'}-journalcluster-shard-00-00.hpqn1.mongodb.net:27017] DEBUG org.mongodb.driver.cluster - Updating cluster description to  {type=REPLICA_SET, servers=[{address=journalcluster-shard-00-01.hpqn1.mongodb.net:27017, type=REPLICA_SET_SECONDARY, TagSet{[Tag{name='availabilityZone', value='aps1-az3'}, Tag{name='diskState', value='READY'}, Tag{name='nodeType', value='ELECTABLE'}, Tag{name='provider', value='AWS'}, Tag{name='region', value='AP_SOUTH_1'}, Tag{name='workloadType', value='OPERATIONAL'}]}, roundTripTime=282.0 ms, state=CONNECTED}, {address=journalcluster-shard-00-00.hpqn1.mongodb.net:27017, type=REPLICA_SET_SECONDARY, TagSet{[Tag{name='availabilityZone', value='aps1-az1'}, Tag{name='diskState', value='READY'}, Tag{name='nodeType', value='ELECTABLE'}, Tag{name='provider', value='AWS'}, Tag{name='region', value='AP_SOUTH_1'}, Tag{name='workloadType', value='OPERATIONAL'}]}, roundTripTime=228.0 ms, state=CONNECTED}, {address=journalcluster-shard-00-02.hpqn1.mongodb.net:27017, type=REPLICA_SET_PRIMARY, TagSet{[Tag{name='availabilityZone', value='aps1-az2'}, Tag{name='diskState', value='READY'}, Tag{name='nodeType', value='ELECTABLE'}, Tag{name='provider', value='AWS'}, Tag{name='region', value='AP_SOUTH_1'}, Tag{name='workloadType', value='OPERATIONAL'}]}, roundTripTime=282.2 ms, state=CONNECTED}]
24-12-31 23:02:34.935 [cluster-ClusterId{value='67742a89ce30de6ad75fa98a', description='JournalCluster'}-journalcluster-shard-00-00.hpqn1.mongodb.net:27017] DEBUG org.mongodb.driver.cluster - Checking status of journalcluster-shard-00-00.hpqn1.mongodb.net:27017
24-12-31 23:02:34.936 [cluster-ClusterId{value='67742a89ce30de6ad75fa98a', description='JournalCluster'}-journalcluster-shard-00-01.hpqn1.mongodb.net:27017] DEBUG org.mongodb.driver.cluster - Updating cluster description to  {type=REPLICA_SET, servers=[{address=journalcluster-shard-00-01.hpqn1.mongodb.net:27017, type=REPLICA_SET_SECONDARY, TagSet{[Tag{name='availabilityZone', value='aps1-az3'}, Tag{name='diskState', value='READY'}, Tag{name='nodeType', value='ELECTABLE'}, Tag{name='provider', value='AWS'}, Tag{name='region', value='AP_SOUTH_1'}, Tag{name='workloadType', value='OPERATIONAL'}]}, roundTripTime=227.7 ms, state=CONNECTED}, {address=journalcluster-shard-00-00.hpqn1.mongodb.net:27017, type=REPLICA_SET_SECONDARY, TagSet{[Tag{name='availabilityZone', value='aps1-az1'}, Tag{name='diskState', value='READY'}, Tag{name='nodeType', value='ELECTABLE'}, Tag{name='provider', value='AWS'}, Tag{name='region', value='AP_SOUTH_1'}, Tag{name='workloadType', value='OPERATIONAL'}]}, roundTripTime=228.0 ms, state=CONNECTED}, {address=journalcluster-shard-00-02.hpqn1.mongodb.net:27017, type=REPLICA_SET_PRIMARY, TagSet{[Tag{name='availabilityZone', value='aps1-az2'}, Tag{name='diskState', value='READY'}, Tag{name='nodeType', value='ELECTABLE'}, Tag{name='provider', value='AWS'}, Tag{name='region', value='AP_SOUTH_1'}, Tag{name='workloadType', value='OPERATIONAL'}]}, roundTripTime=282.2 ms, state=CONNECTED}]
24-12-31 23:02:34.936 [cluster-ClusterId{value='67742a89ce30de6ad75fa98a', description='JournalCluster'}-journalcluster-shard-00-01.hpqn1.mongodb.net:27017] DEBUG org.mongodb.driver.cluster - Checking status of journalcluster-shard-00-01.hpqn1.mongodb.net:27017
24-12-31 23:02:34.936 [cluster-ClusterId{value='67742a89ce30de6ad75fa98a', description='JournalCluster'}-journalcluster-shard-00-02.hpqn1.mongodb.net:27017] DEBUG org.mongodb.driver.cluster - Updating cluster description to  {type=REPLICA_SET, servers=[{address=journalcluster-shard-00-01.hpqn1.mongodb.net:27017, type=REPLICA_SET_SECONDARY, TagSet{[Tag{name='availabilityZone', value='aps1-az3'}, Tag{name='diskState', value='READY'}, Tag{name='nodeType', value='ELECTABLE'}, Tag{name='provider', value='AWS'}, Tag{name='region', value='AP_SOUTH_1'}, Tag{name='workloadType', value='OPERATIONAL'}]}, roundTripTime=227.7 ms, state=CONNECTED}, {address=journalcluster-shard-00-00.hpqn1.mongodb.net:27017, type=REPLICA_SET_SECONDARY, TagSet{[Tag{name='availabilityZone', value='aps1-az1'}, Tag{name='diskState', value='READY'}, Tag{name='nodeType', value='ELECTABLE'}, Tag{name='provider', value='AWS'}, Tag{name='region', value='AP_SOUTH_1'}, Tag{name='workloadType', value='OPERATIONAL'}]}, roundTripTime=228.0 ms, state=CONNECTED}, {address=journalcluster-shard-00-02.hpqn1.mongodb.net:27017, type=REPLICA_SET_PRIMARY, TagSet{[Tag{name='availabilityZone', value='aps1-az2'}, Tag{name='diskState', value='READY'}, Tag{name='nodeType', value='ELECTABLE'}, Tag{name='provider', value='AWS'}, Tag{name='region', value='AP_SOUTH_1'}, Tag{name='workloadType', value='OPERATIONAL'}]}, roundTripTime=228.0 ms, state=CONNECTED}]
24-12-31 23:02:34.936 [cluster-ClusterId{value='67742a89ce30de6ad75fa98a', description='JournalCluster'}-journalcluster-shard-00-02.hpqn1.mongodb.net:27017] DEBUG org.mongodb.driver.cluster - Checking status of journalcluster-shard-00-02.hpqn1.mongodb.net:27017
24-12-31 23:02:44.947 [cluster-ClusterId{value='67742a89ce30de6ad75fa98a', description='JournalCluster'}-journalcluster-shard-00-01.hpqn1.mongodb.net:27017] DEBUG org.mongodb.driver.cluster - Updating cluster description to  {type=REPLICA_SET, servers=[{address=journalcluster-shard-00-01.hpqn1.mongodb.net:27017, type=REPLICA_SET_SECONDARY, TagSet{[Tag{name='availabilityZone', value='aps1-az3'}, Tag{name='diskState', value='READY'}, Tag{name='nodeType', value='ELECTABLE'}, Tag{name='provider', value='AWS'}, Tag{name='region', value='AP_SOUTH_1'}, Tag{name='workloadType', value='OPERATIONAL'}]}, roundTripTime=184.1 ms, state=CONNECTED}, {address=journalcluster-shard-00-00.hpqn1.mongodb.net:27017, type=REPLICA_SET_SECONDARY, TagSet{[Tag{name='availabilityZone', value='aps1-az1'}, Tag{name='diskState', value='READY'}, Tag{name='nodeType', value='ELECTABLE'}, Tag{name='provider', value='AWS'}, Tag{name='region', value='AP_SOUTH_1'}, Tag{name='workloadType', value='OPERATIONAL'}]}, roundTripTime=228.0 ms, state=CONNECTED}, {address=journalcluster-shard-00-02.hpqn1.mongodb.net:27017, type=REPLICA_SET_PRIMARY, TagSet{[Tag{name='availabilityZone', value='aps1-az2'}, Tag{name='diskState', value='READY'}, Tag{name='nodeType', value='ELECTABLE'}, Tag{name='provider', value='AWS'}, Tag{name='region', value='AP_SOUTH_1'}, Tag{name='workloadType', value='OPERATIONAL'}]}, roundTripTime=228.0 ms, state=CONNECTED}]
24-12-31 23:02:44.948 [cluster-ClusterId{value='67742a89ce30de6ad75fa98a', description='JournalCluster'}-journalcluster-shard-00-01.hpqn1.mongodb.net:27017] DEBUG org.mongodb.driver.cluster - Checking status of journalcluster-shard-00-01.hpqn1.mongodb.net:27017
24-12-31 23:02:44.948 [cluster-ClusterId{value='67742a89ce30de6ad75fa98a', description='JournalCluster'}-journalcluster-shard-00-02.hpqn1.mongodb.net:27017] DEBUG org.mongodb.driver.cluster - Updating cluster description to  {type=REPLICA_SET, servers=[{address=journalcluster-shard-00-01.hpqn1.mongodb.net:27017, type=REPLICA_SET_SECONDARY, TagSet{[Tag{name='availabilityZone', value='aps1-az3'}, Tag{name='diskState', value='READY'}, Tag{name='nodeType', value='ELECTABLE'}, Tag{name='provider', value='AWS'}, Tag{name='region', value='AP_SOUTH_1'}, Tag{name='workloadType', value='OPERATIONAL'}]}, roundTripTime=184.1 ms, state=CONNECTED}, {address=journalcluster-shard-00-00.hpqn1.mongodb.net:27017, type=REPLICA_SET_SECONDARY, TagSet{[Tag{name='availabilityZone', value='aps1-az1'}, Tag{name='diskState', value='READY'}, Tag{name='nodeType', value='ELECTABLE'}, Tag{name='provider', value='AWS'}, Tag{name='region', value='AP_SOUTH_1'}, Tag{name='workloadType', value='OPERATIONAL'}]}, roundTripTime=228.0 ms, state=CONNECTED}, {address=journalcluster-shard-00-02.hpqn1.mongodb.net:27017, type=REPLICA_SET_PRIMARY, TagSet{[Tag{name='availabilityZone', value='aps1-az2'}, Tag{name='diskState', value='READY'}, Tag{name='nodeType', value='ELECTABLE'}, Tag{name='provider', value='AWS'}, Tag{name='region', value='AP_SOUTH_1'}, Tag{name='workloadType', value='OPERATIONAL'}]}, roundTripTime=184.7 ms, state=CONNECTED}]
24-12-31 23:02:44.948 [cluster-ClusterId{value='67742a89ce30de6ad75fa98a', description='JournalCluster'}-journalcluster-shard-00-02.hpqn1.mongodb.net:27017] DEBUG org.mongodb.driver.cluster - Checking status of journalcluster-shard-00-02.hpqn1.mongodb.net:27017
24-12-31 23:02:44.948 [cluster-ClusterId{value='67742a89ce30de6ad75fa98a', description='JournalCluster'}-journalcluster-shard-00-00.hpqn1.mongodb.net:27017] DEBUG org.mongodb.driver.cluster - Updating cluster description to  {type=REPLICA_SET, servers=[{address=journalcluster-shard-00-01.hpqn1.mongodb.net:27017, type=REPLICA_SET_SECONDARY, TagSet{[Tag{name='availabilityZone', value='aps1-az3'}, Tag{name='diskState', value='READY'}, Tag{name='nodeType', value='ELECTABLE'}, Tag{name='provider', value='AWS'}, Tag{name='region', value='AP_SOUTH_1'}, Tag{name='workloadType', value='OPERATIONAL'}]}, roundTripTime=184.1 ms, state=CONNECTED}, {address=journalcluster-shard-00-00.hpqn1.mongodb.net:27017, type=REPLICA_SET_SECONDARY, TagSet{[Tag{name='availabilityZone', value='aps1-az1'}, Tag{name='diskState', value='READY'}, Tag{name='nodeType', value='ELECTABLE'}, Tag{name='provider', value='AWS'}, Tag{name='region', value='AP_SOUTH_1'}, Tag{name='workloadType', value='OPERATIONAL'}]}, roundTripTime=184.8 ms, state=CONNECTED}, {address=journalcluster-shard-00-02.hpqn1.mongodb.net:27017, type=REPLICA_SET_PRIMARY, TagSet{[Tag{name='availabilityZone', value='aps1-az2'}, Tag{name='diskState', value='READY'}, Tag{name='nodeType', value='ELECTABLE'}, Tag{name='provider', value='AWS'}, Tag{name='region', value='AP_SOUTH_1'}, Tag{name='workloadType', value='OPERATIONAL'}]}, roundTripTime=184.7 ms, state=CONNECTED}]
24-12-31 23:02:44.949 [cluster-ClusterId{value='67742a89ce30de6ad75fa98a', description='JournalCluster'}-journalcluster-shard-00-00.hpqn1.mongodb.net:27017] DEBUG org.mongodb.driver.cluster - Checking status of journalcluster-shard-00-00.hpqn1.mongodb.net:27017
24-12-31 23:02:54.926 [cluster-ClusterId{value='67742a89ce30de6ad75fa98a', description='JournalCluster'}-journalcluster-shard-00-00.hpqn1.mongodb.net:27017] DEBUG org.mongodb.driver.cluster - Updating cluster description to  {type=REPLICA_SET, servers=[{address=journalcluster-shard-00-01.hpqn1.mongodb.net:27017, type=REPLICA_SET_SECONDARY, TagSet{[Tag{name='availabilityZone', value='aps1-az3'}, Tag{name='diskState', value='READY'}, Tag{name='nodeType', value='ELECTABLE'}, Tag{name='provider', value='AWS'}, Tag{name='region', value='AP_SOUTH_1'}, Tag{name='workloadType', value='OPERATIONAL'}]}, roundTripTime=184.1 ms, state=CONNECTED}, {address=journalcluster-shard-00-00.hpqn1.mongodb.net:27017, type=REPLICA_SET_SECONDARY, TagSet{[Tag{name='availabilityZone', value='aps1-az1'}, Tag{name='diskState', value='READY'}, Tag{name='nodeType', value='ELECTABLE'}, Tag{name='provider', value='AWS'}, Tag{name='region', value='AP_SOUTH_1'}, Tag{name='workloadType', value='OPERATIONAL'}]}, roundTripTime=149.5 ms, state=CONNECTED}, {address=journalcluster-shard-00-02.hpqn1.mongodb.net:27017, type=REPLICA_SET_PRIMARY, TagSet{[Tag{name='availabilityZone', value='aps1-az2'}, Tag{name='diskState', value='READY'}, Tag{name='nodeType', value='ELECTABLE'}, Tag{name='provider', value='AWS'}, Tag{name='region', value='AP_SOUTH_1'}, Tag{name='workloadType', value='OPERATIONAL'}]}, roundTripTime=184.7 ms, state=CONNECTED}]
24-12-31 23:02:54.927 [cluster-ClusterId{value='67742a89ce30de6ad75fa98a', description='JournalCluster'}-journalcluster-shard-00-00.hpqn1.mongodb.net:27017] DEBUG org.mongodb.driver.cluster - Checking status of journalcluster-shard-00-00.hpqn1.mongodb.net:27017
24-12-31 23:02:54.929 [cluster-ClusterId{value='67742a89ce30de6ad75fa98a', description='JournalCluster'}-journalcluster-shard-00-01.hpqn1.mongodb.net:27017] DEBUG org.mongodb.driver.cluster - Updating cluster description to  {type=REPLICA_SET, servers=[{address=journalcluster-shard-00-01.hpqn1.mongodb.net:27017, type=REPLICA_SET_SECONDARY, TagSet{[Tag{name='availabilityZone', value='aps1-az3'}, Tag{name='diskState', value='READY'}, Tag{name='nodeType', value='ELECTABLE'}, Tag{name='provider', value='AWS'}, Tag{name='region', value='AP_SOUTH_1'}, Tag{name='workloadType', value='OPERATIONAL'}]}, roundTripTime=149.3 ms, state=CONNECTED}, {address=journalcluster-shard-00-00.hpqn1.mongodb.net:27017, type=REPLICA_SET_SECONDARY, TagSet{[Tag{name='availabilityZone', value='aps1-az1'}, Tag{name='diskState', value='READY'}, Tag{name='nodeType', value='ELECTABLE'}, Tag{name='provider', value='AWS'}, Tag{name='region', value='AP_SOUTH_1'}, Tag{name='workloadType', value='OPERATIONAL'}]}, roundTripTime=149.5 ms, state=CONNECTED}, {address=journalcluster-shard-00-02.hpqn1.mongodb.net:27017, type=REPLICA_SET_PRIMARY, TagSet{[Tag{name='availabilityZone', value='aps1-az2'}, Tag{name='diskState', value='READY'}, Tag{name='nodeType', value='ELECTABLE'}, Tag{name='provider', value='AWS'}, Tag{name='region', value='AP_SOUTH_1'}, Tag{name='workloadType', value='OPERATIONAL'}]}, roundTripTime=184.7 ms, state=CONNECTED}]
24-12-31 23:02:54.929 [cluster-ClusterId{value='67742a89ce30de6ad75fa98a', description='JournalCluster'}-journalcluster-shard-00-01.hpqn1.mongodb.net:27017] DEBUG org.mongodb.driver.cluster - Checking status of journalcluster-shard-00-01.hpqn1.mongodb.net:27017
24-12-31 23:02:54.933 [cluster-ClusterId{value='67742a89ce30de6ad75fa98a', description='JournalCluster'}-journalcluster-shard-00-02.hpqn1.mongodb.net:27017] DEBUG org.mongodb.driver.cluster - Updating cluster description to  {type=REPLICA_SET, servers=[{address=journalcluster-shard-00-01.hpqn1.mongodb.net:27017, type=REPLICA_SET_SECONDARY, TagSet{[Tag{name='availabilityZone', value='aps1-az3'}, Tag{name='diskState', value='READY'}, Tag{name='nodeType', value='ELECTABLE'}, Tag{name='provider', value='AWS'}, Tag{name='region', value='AP_SOUTH_1'}, Tag{name='workloadType', value='OPERATIONAL'}]}, roundTripTime=149.3 ms, state=CONNECTED}, {address=journalcluster-shard-00-00.hpqn1.mongodb.net:27017, type=REPLICA_SET_SECONDARY, TagSet{[Tag{name='availabilityZone', value='aps1-az1'}, Tag{name='diskState', value='READY'}, Tag{name='nodeType', value='ELECTABLE'}, Tag{name='provider', value='AWS'}, Tag{name='region', value='AP_SOUTH_1'}, Tag{name='workloadType', value='OPERATIONAL'}]}, roundTripTime=149.5 ms, state=CONNECTED}, {address=journalcluster-shard-00-02.hpqn1.mongodb.net:27017, type=REPLICA_SET_PRIMARY, TagSet{[Tag{name='availabilityZone', value='aps1-az2'}, Tag{name='diskState', value='READY'}, Tag{name='nodeType', value='ELECTABLE'}, Tag{name='provider', value='AWS'}, Tag{name='region', value='AP_SOUTH_1'}, Tag{name='workloadType', value='OPERATIONAL'}]}, roundTripTime=149.7 ms, state=CONNECTED}]
24-12-31 23:02:54.933 [cluster-ClusterId{value='67742a89ce30de6ad75fa98a', description='JournalCluster'}-journalcluster-shard-00-02.hpqn1.mongodb.net:27017] DEBUG org.mongodb.driver.cluster - Checking status of journalcluster-shard-00-02.hpqn1.mongodb.net:27017
